#
# There is insufficient memory for the Java Runtime Environment to continue.
# Native memory allocation (mmap) failed to map 134217728 bytes for G1 virtual space
# Possible reasons:
#   The system is out of physical RAM or swap space
#   The process is running with CompressedOops enabled, and the Java Heap may be blocking the growth of the native heap
# Possible solutions:
#   Reduce memory load on the system
#   Increase physical memory or swap space
#   Check if swap backing store is full
#   Decrease Java heap size (-Xmx/-Xms)
#   Decrease number of Java threads
#   Decrease Java thread stack sizes (-Xss)
#   Set larger code cache with -XX:ReservedCodeCacheSize=
#   JVM is running with Unscaled Compressed Oops mode in which the Java heap is
#     placed in the first 4GB address space. The Java Heap base address is the
#     maximum limit for the native heap growth. Please use -XX:HeapBaseMinAddress
#     to set the Java Heap base and to place the Java Heap above 4GB virtual address.
# This output file may be truncated or incomplete.
#
#  Out of Memory Error (os_windows.cpp:3469), pid=13872, tid=13628
#
# JRE version:  (17.0.1+12) (build )
# Java VM: OpenJDK 64-Bit Server VM (17.0.1+12, mixed mode, emulated-client, sharing, tiered, compressed oops, compressed class ptrs, g1 gc, windows-amd64)
# No core dump will be written. Minidumps are not enabled by default on client versions of Windows
#

---------------  S U M M A R Y ------------

Command Line: -Dcom.sun.management.jmxremote -Dcom.sun.management.jmxremote.port=52418 -Dcom.sun.management.jmxremote.authenticate=false -Dcom.sun.management.jmxremote.ssl=false -Djava.rmi.server.hostname=localhost -Dspring.jmx.enabled=true -Dspring.application.admin.enabled=true -XX:TieredStopAtLevel=1 -Dspring.boot.project.name=spring-boot-webmvc-txurdi -Dfile.encoding=Cp1252 -XX:+ShowCodeDetailsInExceptionMessages com.fptxurdinaga.springbootmvc.SpringBootWebmvcTxurdiApplication --spring.output.ansi.enabled=always

Host: Intel(R) Core(TM) i7-4770 CPU @ 3.40GHz, 8 cores, 7G,  Windows 10 , 64 bit Build 19041 (10.0.19041.1503)
Time: Wed Mar  9 16:33:48 2022 Hora estándar romance elapsed time: 0.012019 seconds (0d 0h 0m 0s)

---------------  T H R E A D  ---------------

Current thread (0x000001ea6109a500):  JavaThread "Unknown thread" [_thread_in_vm, id=13628, stack(0x00000062a1600000,0x00000062a1700000)]

Stack: [0x00000062a1600000,0x00000062a1700000]
Native frames: (J=compiled Java code, j=interpreted, Vv=VM code, C=native code)
V  [jvm.dll+0x6744da]
V  [jvm.dll+0x82e144]
V  [jvm.dll+0x82f8ee]
V  [jvm.dll+0x82ff53]
V  [jvm.dll+0x245175]
V  [jvm.dll+0x6714c9]
V  [jvm.dll+0x665f92]
V  [jvm.dll+0x303c3b]
V  [jvm.dll+0x30b176]
V  [jvm.dll+0x35af1e]
V  [jvm.dll+0x35b14f]
V  [jvm.dll+0x2dab78]
V  [jvm.dll+0x2dbae4]
V  [jvm.dll+0x7ffdf1]
V  [jvm.dll+0x368c91]
V  [jvm.dll+0x7df2cc]
V  [jvm.dll+0x3eb59f]
V  [jvm.dll+0x3ed121]
C  [jli.dll+0x5277]
C  [ucrtbase.dll+0x21bb2]
C  [KERNEL32.DLL+0x17034]
C  [ntdll.dll+0x52651]


---------------  P R O C E S S  ---------------

Threads class SMR info:
_java_thread_list=0x00007fffc1144e58, length=0, elements={
}

Java Threads: ( => current thread )

Other Threads:
  0x000001ea610db340 GCTaskThread "GC Thread#0" [stack: 0x00000062a1700000,0x00000062a1800000] [id=7564]
  0x000001ea610ec890 ConcurrentGCThread "G1 Main Marker" [stack: 0x00000062a1800000,0x00000062a1900000] [id=10948]
  0x000001ea610ed2a0 ConcurrentGCThread "G1 Conc#0" [stack: 0x00000062a1900000,0x00000062a1a00000] [id=11644]

[error occurred during error reporting (printing all threads), id 0xc0000005, EXCEPTION_ACCESS_VIOLATION (0xc0000005) at pc=0x00007fffc091b5f7]

VM state: not at safepoint (not fully initialized)

VM Mutex/Monitor currently owned by a thread:  ([mutex/lock_event])
[0x000001ea61096a70] Heap_lock - owner thread: 0x000001ea6109a500

Heap address: 0x0000000081000000, size: 2032 MB, Compressed Oops mode: 32-bit

CDS archive(s) mapped at: [0x0000000000000000-0x0000000000000000-0x0000000000000000), size 0, SharedBaseAddress: 0x0000000800000000, ArchiveRelocationMode: 0.
Narrow klass base: 0x0000000000000000, Narrow klass shift: 0, Narrow klass range: 0x0

GC Precious Log:
<Empty>

Heap:
 garbage-first heap   total 0K, used 0K [0x0000000081000000, 0x0000000100000000)
  region size 1024K, 0 young (0K), 0 survivors (0K)

[error occurred during error reporting (printing heap information), id 0xc0000005, EXCEPTION_ACCESS_VIOLATION (0xc0000005) at pc=0x00007fffc0cfd729]

GC Heap History (0 events):
No events

Deoptimization events (0 events):
No events

Classes unloaded (0 events):
No events

Classes redefined (0 events):
No events

Internal exceptions (0 events):
No events

VM Operations (0 events):
No events

Events (1 events):
Event: 0.008 Loaded shared library C:\sts\plugins\org.eclipse.justj.openjdk.hotspot.jre.full.win32.x86_64_17.0.1.v20211116-1657\jre\bin\java.dll


Dynamic libraries:
0x00007ff77c570000 - 0x00007ff77c57e000 	C:\sts\plugins\org.eclipse.justj.openjdk.hotspot.jre.full.win32.x86_64_17.0.1.v20211116-1657\jre\bin\javaw.exe
0x00007ff8142b0000 - 0x00007ff8144a5000 	C:\WINDOWS\SYSTEM32\ntdll.dll
0x00007ff813520000 - 0x00007ff8135de000 	C:\WINDOWS\System32\KERNEL32.DLL
0x00007ff811d00000 - 0x00007ff811fc8000 	C:\WINDOWS\System32\KERNELBASE.dll
0x00007ff8119f0000 - 0x00007ff811af0000 	C:\WINDOWS\System32\ucrtbase.dll
0x00007ff802320000 - 0x00007ff802338000 	C:\sts\plugins\org.eclipse.justj.openjdk.hotspot.jre.full.win32.x86_64_17.0.1.v20211116-1657\jre\bin\jli.dll
0x00007ff802340000 - 0x00007ff802359000 	C:\sts\plugins\org.eclipse.justj.openjdk.hotspot.jre.full.win32.x86_64_17.0.1.v20211116-1657\jre\bin\VCRUNTIME140.dll
0x00007ff813650000 - 0x00007ff8137f0000 	C:\WINDOWS\System32\USER32.dll
0x00007ffffe840000 - 0x00007ffffeada000 	C:\WINDOWS\WinSxS\amd64_microsoft.windows.common-controls_6595b64144ccf1df_6.0.19041.1110_none_60b5254171f9507e\COMCTL32.dll
0x00007ff8119c0000 - 0x00007ff8119e2000 	C:\WINDOWS\System32\win32u.dll
0x00007ff813810000 - 0x00007ff8138ae000 	C:\WINDOWS\System32\msvcrt.dll
0x00007ff812430000 - 0x00007ff81245b000 	C:\WINDOWS\System32\GDI32.dll
0x00007ff811fd0000 - 0x00007ff8120dd000 	C:\WINDOWS\System32\gdi32full.dll
0x00007ff811b60000 - 0x00007ff811bfd000 	C:\WINDOWS\System32\msvcp_win.dll
0x00007ff812470000 - 0x00007ff8124a0000 	C:\WINDOWS\System32\IMM32.DLL
0x00007ff809710000 - 0x00007ff80971c000 	C:\sts\plugins\org.eclipse.justj.openjdk.hotspot.jre.full.win32.x86_64_17.0.1.v20211116-1657\jre\bin\vcruntime140_1.dll
0x00007ffff07e0000 - 0x00007ffff0871000 	C:\sts\plugins\org.eclipse.justj.openjdk.hotspot.jre.full.win32.x86_64_17.0.1.v20211116-1657\jre\bin\msvcp140.dll
0x00007fffc0630000 - 0x00007fffc1276000 	C:\sts\plugins\org.eclipse.justj.openjdk.hotspot.jre.full.win32.x86_64_17.0.1.v20211116-1657\jre\bin\server\jvm.dll
0x00007ff812b90000 - 0x00007ff812c3e000 	C:\WINDOWS\System32\ADVAPI32.dll
0x00007ff8141d0000 - 0x00007ff81426c000 	C:\WINDOWS\System32\sechost.dll
0x00007ff812300000 - 0x00007ff812425000 	C:\WINDOWS\System32\RPCRT4.dll
0x00007ff813180000 - 0x00007ff813188000 	C:\WINDOWS\System32\PSAPI.DLL
0x00007ff80d3e0000 - 0x00007ff80d3e9000 	C:\WINDOWS\SYSTEM32\WSOCK32.dll
0x00007ff808fc0000 - 0x00007ff808fe7000 	C:\WINDOWS\SYSTEM32\WINMM.dll
0x00007ff8135e0000 - 0x00007ff81364b000 	C:\WINDOWS\System32\WS2_32.dll
0x00007ff80a9f0000 - 0x00007ff80a9fa000 	C:\WINDOWS\SYSTEM32\VERSION.dll
0x00007ff80f890000 - 0x00007ff80f8a2000 	C:\WINDOWS\SYSTEM32\kernel.appcore.dll
0x00007ff8097b0000 - 0x00007ff8097ba000 	C:\sts\plugins\org.eclipse.justj.openjdk.hotspot.jre.full.win32.x86_64_17.0.1.v20211116-1657\jre\bin\jimage.dll
0x00007fffff060000 - 0x00007fffff244000 	C:\WINDOWS\SYSTEM32\DBGHELP.DLL
0x00007ffffefd0000 - 0x00007ffffeffc000 	C:\WINDOWS\SYSTEM32\dbgcore.DLL
0x00007ff812270000 - 0x00007ff8122f2000 	C:\WINDOWS\System32\bcryptPrimitives.dll
0x00007ff8000a0000 - 0x00007ff8000c5000 	C:\sts\plugins\org.eclipse.justj.openjdk.hotspot.jre.full.win32.x86_64_17.0.1.v20211116-1657\jre\bin\java.dll

dbghelp: loaded successfully - version: 4.0.5 - missing functions: none
symbol engine: initialized successfully - sym options: 0x614 - pdb path: .;C:\sts\plugins\org.eclipse.justj.openjdk.hotspot.jre.full.win32.x86_64_17.0.1.v20211116-1657\jre\bin;C:\WINDOWS\SYSTEM32;C:\WINDOWS\WinSxS\amd64_microsoft.windows.common-controls_6595b64144ccf1df_6.0.19041.1110_none_60b5254171f9507e;C:\sts\plugins\org.eclipse.justj.openjdk.hotspot.jre.full.win32.x86_64_17.0.1.v20211116-1657\jre\bin\server

VM Arguments:
jvm_args: -Dcom.sun.management.jmxremote -Dcom.sun.management.jmxremote.port=52418 -Dcom.sun.management.jmxremote.authenticate=false -Dcom.sun.management.jmxremote.ssl=false -Djava.rmi.server.hostname=localhost -Dspring.jmx.enabled=true -Dspring.application.admin.enabled=true -XX:TieredStopAtLevel=1 -Dspring.boot.project.name=spring-boot-webmvc-txurdi -Dfile.encoding=Cp1252 -XX:+ShowCodeDetailsInExceptionMessages 
java_command: com.fptxurdinaga.springbootmvc.SpringBootWebmvcTxurdiApplication --spring.output.ansi.enabled=always
java_class_path (initial): D:\Mis documentos\GitHub\spring-boot-webmvc-txurdi\target\classes;C:\Users\Txema\.m2\repository\org\springframework\boot\spring-boot-starter-thymeleaf\2.6.4\spring-boot-starter-thymeleaf-2.6.4.jar;C:\Users\Txema\.m2\repository\org\springframework\boot\spring-boot-starter\2.6.4\spring-boot-starter-2.6.4.jar;C:\Users\Txema\.m2\repository\org\springframework\boot\spring-boot-starter-logging\2.6.4\spring-boot-starter-logging-2.6.4.jar;C:\Users\Txema\.m2\repository\ch\qos\logback\logback-classic\1.2.10\logback-classic-1.2.10.jar;C:\Users\Txema\.m2\repository\ch\qos\logback\logback-core\1.2.10\logback-core-1.2.10.jar;C:\Users\Txema\.m2\repository\org\apache\logging\log4j\log4j-to-slf4j\2.17.1\log4j-to-slf4j-2.17.1.jar;C:\Users\Txema\.m2\repository\org\apache\logging\log4j\log4j-api\2.17.1\log4j-api-2.17.1.jar;C:\Users\Txema\.m2\repository\org\slf4j\jul-to-slf4j\1.7.36\jul-to-slf4j-1.7.36.jar;C:\Users\Txema\.m2\repository\jakarta\annotation\jakarta.annotation-api\1.3.5\jakarta.annotation-api-1.3.5.jar;C:\Users\Txema\.m2\repository\org\yaml\snakeyaml\1.29\snakeyaml-1.29.jar;C:\Users\Txema\.m2\repository\org\thymeleaf\thymeleaf-spring5\3.0.15.RELEASE\thymeleaf-spring5-3.0.15.RELEASE.jar;C:\Users\Txema\.m2\repository\org\thymeleaf\thymeleaf\3.0.15.RELEASE\thymeleaf-3.0.15.RELEASE.jar;C:\Users\Txema\.m2\repository\org\attoparser\attoparser\2.0.5.RELEASE\attoparser-2.0.5.RELEASE.jar;C:\Users\Txema\.m2\repository\org\unbescape\unbescape\1.1.6.RELEASE\unbescape-1.1.6.RELEASE.jar;C:\Users\Txema\.m2\repository\org\slf4j\slf4j-api\1.7.36\slf4j-api-1.7.36.jar;C:\Users\Txema\.m2\repository\org\thymeleaf\extras\thymeleaf-extras-java8time\3.0.4.RELEASE\thymeleaf-extras-java8time-3.0.4.RELEASE.jar;C:\Users\Txema\.m2\repository\org\springframework\boot\spring-boot-starter-web\2.6.4\spring-boot-starter-web-2.6.4.jar;C:\Users\Txema\.m2\repository\org\springframework\boot\spring-boot-starter-json\2.6.4\spring-boot-starter-json-2.6.4.jar;C:\Users\Txema\.m2\reposit
Launcher Type: SUN_STANDARD

[Global flags]
     intx CICompilerCount                          = 4                                         {product} {ergonomic}
     uint ConcGCThreads                            = 2                                         {product} {ergonomic}
     uint G1ConcRefinementThreads                  = 8                                         {product} {ergonomic}
   size_t G1HeapRegionSize                         = 1048576                                   {product} {ergonomic}
    uintx GCDrainStackTargetSize                   = 64                                        {product} {ergonomic}
   size_t InitialHeapSize                          = 134217728                                 {product} {ergonomic}
     bool ManagementServer                         = true                                      {product} {command line}
   size_t MarkStackSize                            = 4194304                                   {product} {ergonomic}
   size_t MaxHeapSize                              = 2130706432                                {product} {ergonomic}
   size_t MinHeapDeltaBytes                        = 1048576                                   {product} {ergonomic}
   size_t MinHeapSize                              = 8388608                                   {product} {ergonomic}
    uintx NonProfiledCodeHeapSize                  = 0                                      {pd product} {ergonomic}
     bool ProfileInterpreter                       = false                                  {pd product} {command line}
    uintx ProfiledCodeHeapSize                     = 0                                      {pd product} {ergonomic}
     bool ShowCodeDetailsInExceptionMessages       = true                                   {manageable} {command line}
   size_t SoftMaxHeapSize                          = 2130706432                             {manageable} {ergonomic}
     intx TieredStopAtLevel                        = 1                                         {product} {command line}
     bool UseCompressedClassPointers               = true                           {product lp64_product} {ergonomic}
     bool UseCompressedOops                        = true                           {product lp64_product} {ergonomic}
     bool UseG1GC                                  = true                                      {product} {ergonomic}
     bool UseLargePagesIndividualAllocation        = false                                  {pd product} {ergonomic}

Logging:
Log output configuration:
 #0: stdout all=warning uptime,level,tags
 #1: stderr all=off uptime,level,tags

Environment Variables:
JAVA_HOME=C:\Program Files\Java\jdk-17.0.2
PATH=C:/sts//plugins/org.eclipse.justj.openjdk.hotspot.jre.full.win32.x86_64_17.0.1.v20211116-1657/jre/bin/server;C:/sts//plugins/org.eclipse.justj.openjdk.hotspot.jre.full.win32.x86_64_17.0.1.v20211116-1657/jre/bin;C:\Program Files\Common Files\Oracle\Java\javapath;C:\Program Files (x86)\Common Files\Oracle\Java\javapath;C:\WINDOWS\system32;C:\WINDOWS;C:\WINDOWS\System32\Wbem;C:\WINDOWS\System32\WindowsPowerShell\v1.0\;C:\WINDOWS\System32\OpenSSH\;C:\Program Files (x86)\ATI Technologies\ATI.ACE\Core-Static;C:\Program Files\Calibre2\;C:\Program Files\nodejs\;C:\Program Files\dotnet\;C:\Program Files\Docker\Docker\resources\bin;C:\ProgramData\DockerDesktop\version-bin;C:\Users\Txema\AppData\Local\Microsoft\WindowsApps;C:\Program Files (x86)\Mozilla Firefox;C:\Program Files\Mozilla Firefox;C:\Users\Txema\AppData\Roaming\npm;C:\Users\Txema\AppData\Local\GitHubDesktop\bin;C:\maven\bin;C:\Program Files\Java\jdk-17.0.2\bin;;C:\sts;
USERNAME=Txema
OS=Windows_NT
PROCESSOR_IDENTIFIER=Intel64 Family 6 Model 60 Stepping 3, GenuineIntel



---------------  S Y S T E M  ---------------

OS:
 Windows 10 , 64 bit Build 19041 (10.0.19041.1503)
OS uptime: 0 days 2:17 hours
Hyper-V role detected

CPU: total 8 (initial active 8) (4 cores per cpu, 2 threads per core) family 6 model 60 stepping 3 microcode 0x27, cx8, cmov, fxsr, ht, mmx, sse, sse2, sse3, ssse3, sse4.1, sse4.2, popcnt, lzcnt, tsc, tscinvbit, avx, avx2, aes, erms, clmul, bmi1, bmi2, fma, vzeroupper, clflush, hv

Memory: 4k page, system-wide physical 8127M (1315M free)
TotalPageFile size 8127M (AvailPageFile size 86M)
current process WorkingSet (physical memory assigned to process): 10M, peak: 10M
current process commit charge ("private bytes"): 55M, peak: 183M

vm_info: OpenJDK 64-Bit Server VM (17.0.1+12) for windows-amd64 JRE (17.0.1+12), built on Oct 20 2021 07:42:55 by "" with MS VC++ 16.7 (VS2019)

END.
