#
# There is insufficient memory for the Java Runtime Environment to continue.
# Native memory allocation (mmap) failed to map 2097152 bytes for G1 virtual space
# Possible reasons:
#   The system is out of physical RAM or swap space
#   The process is running with CompressedOops enabled, and the Java Heap may be blocking the growth of the native heap
# Possible solutions:
#   Reduce memory load on the system
#   Increase physical memory or swap space
#   Check if swap backing store is full
#   Decrease Java heap size (-Xmx/-Xms)
#   Decrease number of Java threads
#   Decrease Java thread stack sizes (-Xss)
#   Set larger code cache with -XX:ReservedCodeCacheSize=
#   JVM is running with Unscaled Compressed Oops mode in which the Java heap is
#     placed in the first 4GB address space. The Java Heap base address is the
#     maximum limit for the native heap growth. Please use -XX:HeapBaseMinAddress
#     to set the Java Heap base and to place the Java Heap above 4GB virtual address.
# This output file may be truncated or incomplete.
#
#  Out of Memory Error (os_windows.cpp:3469), pid=6864, tid=11916
#
# JRE version: OpenJDK Runtime Environment Temurin-17.0.1+12 (17.0.1+12) (build 17.0.1+12)
# Java VM: OpenJDK 64-Bit Server VM Temurin-17.0.1+12 (17.0.1+12, mixed mode, emulated-client, tiered, compressed oops, compressed class ptrs, g1 gc, windows-amd64)
# No core dump will be written. Minidumps are not enabled by default on client versions of Windows
#

---------------  S U M M A R Y ------------

Command Line: -Dcom.sun.management.jmxremote -Dcom.sun.management.jmxremote.port=55020 -Dcom.sun.management.jmxremote.authenticate=false -Dcom.sun.management.jmxremote.ssl=false -Djava.rmi.server.hostname=localhost -Dspring.jmx.enabled=true -Dspring.application.admin.enabled=true -XX:TieredStopAtLevel=1 -Dspring.boot.project.name=spring-boot-webmvc-txurdi -Dfile.encoding=UTF-8 -XX:+ShowCodeDetailsInExceptionMessages com.fptxurdinaga.springbootmvc.SpringBootWebmvcTxurdiApplication --spring.output.ansi.enabled=always

Host: Intel(R) Core(TM) i7-8565U CPU @ 1.80GHz, 8 cores, 7G,  Windows 10 , 64 bit Build 19041 (10.0.19041.1566)
Time: Tue Mar 22 13:30:17 2022 Hora estándar romance elapsed time: 70.852826 seconds (0d 0h 1m 10s)

---------------  T H R E A D  ---------------

Current thread (0x000002907a7b20a0):  VMThread "VM Thread" [stack: 0x000000a9ef200000,0x000000a9ef300000] [id=11916]

Stack: [0x000000a9ef200000,0x000000a9ef300000]
Native frames: (J=compiled Java code, j=interpreted, Vv=VM code, C=native code)
V  [jvm.dll+0x6744da]
V  [jvm.dll+0x82e144]
V  [jvm.dll+0x82f8ee]
V  [jvm.dll+0x82ff53]
V  [jvm.dll+0x245175]
V  [jvm.dll+0x6714c9]
V  [jvm.dll+0x665f92]
V  [jvm.dll+0x303c3b]
V  [jvm.dll+0x30b176]
V  [jvm.dll+0x35af1e]
V  [jvm.dll+0x35b14f]
V  [jvm.dll+0x2dab78]
V  [jvm.dll+0x2d8e2c]
V  [jvm.dll+0x2d83fc]
V  [jvm.dll+0x31c24b]
V  [jvm.dll+0x8343bb]
V  [jvm.dll+0x8350f4]
V  [jvm.dll+0x83560c]
V  [jvm.dll+0x8359e4]
V  [jvm.dll+0x835ab0]
V  [jvm.dll+0x7de51a]
V  [jvm.dll+0x673305]
C  [ucrtbase.dll+0x21bb2]
C  [KERNEL32.DLL+0x17034]
C  [ntdll.dll+0x52651]

VM_Operation (0x000000a9f1bfe320): G1CollectForAllocation, mode: safepoint, requested by thread 0x000002907cba7500


---------------  P R O C E S S  ---------------

Threads class SMR info:
_java_thread_list=0x000002907ccfb750, length=43, elements={
0x000002907a787e90, 0x000002907a788c90, 0x000002907a795c30, 0x000002907a7e2430,
0x000002907a7e3100, 0x000002907a7e39c0, 0x000002907a7e4730, 0x000002907b135d90,
0x000002907b1854b0, 0x000002907b2df7f0, 0x000002907b88dc80, 0x000002907b8803c0,
0x000002907b87db60, 0x000002907bc8a6b0, 0x000002907bd04d40, 0x000002907bc45840,
0x000002907cba5820, 0x000002907cba8840, 0x000002907cba7ea0, 0x000002907cba8d10,
0x000002907cba61c0, 0x000002907cba91e0, 0x000002907cba7500, 0x000002907cba6690,
0x000002907cba5cf0, 0x000002907cba7030, 0x000002907cba8370, 0x000002907cba79d0,
0x00000290008705f0, 0x000002900086daa0, 0x000002900086f780, 0x0000029000873140,
0x000002900086fc50, 0x000002900086e440, 0x0000029000873fb0, 0x00000290008727a0,
0x000002900086df70, 0x000002900086e910, 0x0000029000873610, 0x0000029000871460,
0x000002900086f2b0, 0x0000029000871930, 0x000002900086c760
}

Java Threads: ( => current thread )
  0x000002907a787e90 JavaThread "Reference Handler" daemon [_thread_blocked, id=9484, stack(0x000000a9ef300000,0x000000a9ef400000)]
  0x000002907a788c90 JavaThread "Finalizer" daemon [_thread_blocked, id=2424, stack(0x000000a9ef400000,0x000000a9ef500000)]
  0x000002907a795c30 JavaThread "Signal Dispatcher" daemon [_thread_blocked, id=2276, stack(0x000000a9ef500000,0x000000a9ef600000)]
  0x000002907a7e2430 JavaThread "Attach Listener" daemon [_thread_blocked, id=6092, stack(0x000000a9ef600000,0x000000a9ef700000)]
  0x000002907a7e3100 JavaThread "Service Thread" daemon [_thread_blocked, id=1224, stack(0x000000a9ef700000,0x000000a9ef800000)]
  0x000002907a7e39c0 JavaThread "Monitor Deflation Thread" daemon [_thread_blocked, id=6980, stack(0x000000a9ef800000,0x000000a9ef900000)]
  0x000002907a7e4730 JavaThread "C1 CompilerThread0" daemon [_thread_blocked, id=13284, stack(0x000000a9ef900000,0x000000a9efa00000)]
  0x000002907b135d90 JavaThread "Sweeper thread" daemon [_thread_blocked, id=11388, stack(0x000000a9efa00000,0x000000a9efb00000)]
  0x000002907b1854b0 JavaThread "Common-Cleaner" daemon [_thread_blocked, id=4648, stack(0x000000a9efb00000,0x000000a9efc00000)]
  0x000002907b2df7f0 JavaThread "Notification Thread" daemon [_thread_blocked, id=4376, stack(0x000000a9efd00000,0x000000a9efe00000)]
  0x000002907b88dc80 JavaThread "RMI TCP Accept-0" daemon [_thread_in_native, id=11064, stack(0x000000a9efe00000,0x000000a9eff00000)]
  0x000002907b8803c0 JavaThread "RMI TCP Accept-55020" daemon [_thread_in_native, id=12388, stack(0x000000a9eff00000,0x000000a9f0000000)]
  0x000002907b87db60 JavaThread "RMI TCP Accept-0" daemon [_thread_in_native, id=10652, stack(0x000000a9f0000000,0x000000a9f0100000)]
  0x000002907bc8a6b0 JavaThread "RMI TCP Connection(idle)" daemon [_thread_blocked, id=1536, stack(0x000000a9f0f00000,0x000000a9f1000000)]
  0x000002907bd04d40 JavaThread "RMI Scheduler(0)" daemon [_thread_blocked, id=12564, stack(0x000000a9f1000000,0x000000a9f1100000)]
  0x000002907bc45840 JavaThread "RMI TCP Connection(idle)" daemon [_thread_blocked, id=12868, stack(0x000000a9f1100000,0x000000a9f1200000)]
  0x000002907cba5820 JavaThread "JMX server connection timeout 25" daemon [_thread_blocked, id=7560, stack(0x000000a9f1200000,0x000000a9f1300000)]
  0x000002907cba8840 JavaThread "mysql-cj-abandoned-connection-cleanup" daemon [_thread_blocked, id=5328, stack(0x000000a9f1300000,0x000000a9f1400000)]
  0x000002907cba7ea0 JavaThread "HikariPool-1 housekeeper" daemon [_thread_blocked, id=10592, stack(0x000000a9f1600000,0x000000a9f1700000)]
  0x000002907cba8d10 JavaThread "Catalina-utility-1" [_thread_blocked, id=11180, stack(0x000000a9f1700000,0x000000a9f1800000)]
  0x000002907cba61c0 JavaThread "Catalina-utility-2" [_thread_blocked, id=12628, stack(0x000000a9f1800000,0x000000a9f1900000)]
  0x000002907cba91e0 JavaThread "container-0" [_thread_blocked, id=10416, stack(0x000000a9f1900000,0x000000a9f1a00000)]
  0x000002907cba7500 JavaThread "File Watcher" daemon [_thread_blocked, id=11144, stack(0x000000a9f1b00000,0x000000a9f1c00000)]
  0x000002907cba6690 JavaThread "Live Reload Server" daemon [_thread_in_native, id=4440, stack(0x000000a9f1d00000,0x000000a9f1e00000)]
  0x000002907cba5cf0 JavaThread "http-nio-8080-exec-1" daemon [_thread_blocked, id=12072, stack(0x000000a9f1c00000,0x000000a9f1d00000)]
  0x000002907cba7030 JavaThread "http-nio-8080-exec-2" daemon [_thread_blocked, id=12360, stack(0x000000a9f1e00000,0x000000a9f1f00000)]
  0x000002907cba8370 JavaThread "http-nio-8080-exec-3" daemon [_thread_blocked, id=8804, stack(0x000000a9f1f00000,0x000000a9f2000000)]
  0x000002907cba79d0 JavaThread "http-nio-8080-exec-4" daemon [_thread_blocked, id=1620, stack(0x000000a9f2000000,0x000000a9f2100000)]
  0x00000290008705f0 JavaThread "http-nio-8080-exec-5" daemon [_thread_blocked, id=6004, stack(0x000000a9f2100000,0x000000a9f2200000)]
  0x000002900086daa0 JavaThread "http-nio-8080-exec-6" daemon [_thread_blocked, id=7764, stack(0x000000a9f2200000,0x000000a9f2300000)]
  0x000002900086f780 JavaThread "http-nio-8080-exec-7" daemon [_thread_blocked, id=7392, stack(0x000000a9f2300000,0x000000a9f2400000)]
  0x0000029000873140 JavaThread "http-nio-8080-exec-8" daemon [_thread_blocked, id=12312, stack(0x000000a9f2400000,0x000000a9f2500000)]
  0x000002900086fc50 JavaThread "http-nio-8080-exec-9" daemon [_thread_blocked, id=12440, stack(0x000000a9f2500000,0x000000a9f2600000)]
  0x000002900086e440 JavaThread "http-nio-8080-exec-10" daemon [_thread_blocked, id=6316, stack(0x000000a9f2600000,0x000000a9f2700000)]
  0x0000029000873fb0 JavaThread "http-nio-8080-Poller" daemon [_thread_in_native, id=2012, stack(0x000000a9f2700000,0x000000a9f2800000)]
  0x00000290008727a0 JavaThread "http-nio-8080-Acceptor" daemon [_thread_in_native, id=6924, stack(0x000000a9f2800000,0x000000a9f2900000)]
  0x000002900086df70 JavaThread "DestroyJavaVM" [_thread_blocked, id=7208, stack(0x000000a9eec00000,0x000000a9eed00000)]
  0x000002900086e910 JavaThread "RMI TCP Connection(idle)" daemon [_thread_blocked, id=8644, stack(0x000000a9f0e00000,0x000000a9f0f00000)]
  0x0000029000873610 JavaThread "RMI TCP Connection(idle)" daemon [_thread_blocked, id=1384, stack(0x000000a9f2900000,0x000000a9f2a00000)]
  0x0000029000871460 JavaThread "RMI TCP Connection(idle)" daemon [_thread_blocked, id=3528, stack(0x000000a9f2b00000,0x000000a9f2c00000)]
  0x000002900086f2b0 JavaThread "RMI TCP Connection(idle)" daemon [_thread_blocked, id=6640, stack(0x000000a9f2c00000,0x000000a9f2d00000)]
  0x0000029000871930 JavaThread "RMI TCP Connection(9)-127.0.0.1" daemon [_thread_in_native, id=3912, stack(0x000000a9f2e00000,0x000000a9f2f00000)]
  0x000002900086c760 JavaThread "RMI TCP Connection(idle)" daemon [_thread_blocked, id=1532, stack(0x000000a9f3000000,0x000000a9f3100000)]

Other Threads:
=>0x000002907a7b20a0 VMThread "VM Thread" [stack: 0x000000a9ef200000,0x000000a9ef300000] [id=11916]
  0x000002907b87e3e0 WatcherThread [stack: 0x000000a9f0100000,0x000000a9f0200000] [id=10492]
  0x000002906ab1aac0 GCTaskThread "GC Thread#0" [stack: 0x000000a9eed00000,0x000000a9eee00000] [id=6592]
  0x000002907bc9a0c0 GCTaskThread "GC Thread#1" [stack: 0x000000a9f0400000,0x000000a9f0500000] [id=6240]
  0x000002907bc49e00 GCTaskThread "GC Thread#2" [stack: 0x000000a9f0500000,0x000000a9f0600000] [id=12592]
  0x000002907bcdbaf0 GCTaskThread "GC Thread#3" [stack: 0x000000a9f0600000,0x000000a9f0700000] [id=13020]
  0x000002907bcdc1b0 GCTaskThread "GC Thread#4" [stack: 0x000000a9f0700000,0x000000a9f0800000] [id=7068]
  0x000002907bcdca70 GCTaskThread "GC Thread#5" [stack: 0x000000a9f0800000,0x000000a9f0900000] [id=12664]
  0x000002907bcdcd20 GCTaskThread "GC Thread#6" [stack: 0x000000a9f0900000,0x000000a9f0a00000] [id=8828]
  0x000002907bcdcfd0 GCTaskThread "GC Thread#7" [stack: 0x000000a9f0a00000,0x000000a9f0b00000] [id=12400]
  0x000002906ab2bd20 ConcurrentGCThread "G1 Main Marker" [stack: 0x000000a9eee00000,0x000000a9eef00000] [id=1920]
  0x000002906ab2c730 ConcurrentGCThread "G1 Conc#0" [stack: 0x000000a9eef00000,0x000000a9ef000000] [id=12120]
  0x000002907cc98a70 ConcurrentGCThread "G1 Conc#1" [stack: 0x000000a9f1400000,0x000000a9f1500000] [id=7780]
  0x000002907a600090 ConcurrentGCThread "G1 Refine#0" [stack: 0x000000a9ef000000,0x000000a9ef100000] [id=6164]
  0x000002907bc8f290 ConcurrentGCThread "G1 Refine#1" [stack: 0x000000a9f0b00000,0x000000a9f0c00000] [id=9496]
  0x000002907bcbffe0 ConcurrentGCThread "G1 Refine#2" [stack: 0x000000a9f0c00000,0x000000a9f0d00000] [id=4580]
  0x000002907a600ab0 ConcurrentGCThread "G1 Service" [stack: 0x000000a9ef100000,0x000000a9ef200000] [id=12556]

Threads with active compile tasks:

VM state: at safepoint (normal execution)

VM Mutex/Monitor currently owned by a thread:  ([mutex/lock_event])
[0x000002906aad53f0] Threads_lock - owner thread: 0x000002907a7b20a0
[0x000002906aad4c10] Heap_lock - owner thread: 0x000002907cba7500

Heap address: 0x0000000082400000, size: 2012 MB, Compressed Oops mode: 32-bit

CDS archive(s) not mapped
Compressed class space mapped at: 0x0000000100000000-0x0000000140000000, reserved size: 1073741824
Narrow klass base: 0x0000000000000000, Narrow klass shift: 3, Narrow klass range: 0x140000000

GC Precious Log:
 CPUs: 8 total, 8 available
 Memory: 8042M
 Large Page Support: Disabled
 NUMA Support: Disabled
 Compressed Oops: Enabled (32-bit)
 Heap Region Size: 1M
 Heap Min Capacity: 8M
 Heap Initial Capacity: 126M
 Heap Max Capacity: 2012M
 Pre-touch: Disabled
 Parallel Workers: 8
 Concurrent Workers: 2
 Concurrent Refinement Workers: 8
 Periodic GC: Disabled

Heap:
 garbage-first heap   total 164864K, used 31539K [0x0000000082400000, 0x0000000100000000)
  region size 1024K, 5 young (5120K), 5 survivors (5120K)
 Metaspace       used 69390K, committed 69952K, reserved 1114112K
  class space    used 9401K, committed 9664K, reserved 1048576K

Heap Regions: E=young(eden), S=young(survivor), O=old, HS=humongous(starts), HC=humongous(continues), CS=collection set, F=free, OA=open archive, CA=closed archive, TAMS=top-at-mark-start (previous, next)
|   0|0x0000000082400000, 0x0000000082500000, 0x0000000082500000|100%|HS|  |TAMS 0x0000000082500000, 0x0000000082500000| Complete 
|   1|0x0000000082500000, 0x0000000082600000, 0x0000000082600000|100%| O|  |TAMS 0x0000000082600000, 0x0000000082600000| Untracked 
|   2|0x0000000082600000, 0x0000000082700000, 0x0000000082700000|100%| O|  |TAMS 0x0000000082700000, 0x0000000082700000| Untracked 
|   3|0x0000000082700000, 0x0000000082800000, 0x0000000082800000|100%| O|  |TAMS 0x0000000082800000, 0x0000000082800000| Untracked 
|   4|0x0000000082800000, 0x0000000082900000, 0x0000000082900000|100%| O|  |TAMS 0x0000000082900000, 0x0000000082900000| Untracked 
|   5|0x0000000082900000, 0x0000000082a00000, 0x0000000082a00000|100%| O|  |TAMS 0x0000000082a00000, 0x0000000082a00000| Untracked 
|   6|0x0000000082a00000, 0x0000000082b00000, 0x0000000082b00000|100%| O|  |TAMS 0x0000000082b00000, 0x0000000082b00000| Untracked 
|   7|0x0000000082b00000, 0x0000000082c00000, 0x0000000082c00000|100%| O|  |TAMS 0x0000000082c00000, 0x0000000082c00000| Untracked 
|   8|0x0000000082c00000, 0x0000000082d00000, 0x0000000082d00000|100%| O|  |TAMS 0x0000000082d00000, 0x0000000082d00000| Untracked 
|   9|0x0000000082d00000, 0x0000000082e00000, 0x0000000082e00000|100%| O|  |TAMS 0x0000000082e00000, 0x0000000082e00000| Untracked 
|  10|0x0000000082e00000, 0x0000000082f00000, 0x0000000082f00000|100%| O|  |TAMS 0x0000000082f00000, 0x0000000082f00000| Untracked 
|  11|0x0000000082f00000, 0x0000000083000000, 0x0000000083000000|100%| O|  |TAMS 0x0000000083000000, 0x0000000083000000| Untracked 
|  12|0x0000000083000000, 0x0000000083100000, 0x0000000083100000|100%| O|  |TAMS 0x0000000083100000, 0x0000000083100000| Untracked 
|  13|0x0000000083100000, 0x0000000083200000, 0x0000000083200000|100%| O|  |TAMS 0x0000000083200000, 0x0000000083200000| Untracked 
|  14|0x0000000083200000, 0x0000000083300000, 0x0000000083300000|100%| O|  |TAMS 0x0000000083200000, 0x0000000083300000| Untracked 
|  15|0x0000000083300000, 0x0000000083400000, 0x0000000083400000|100%| O|  |TAMS 0x0000000083400000, 0x0000000083400000| Untracked 
|  16|0x0000000083400000, 0x0000000083500000, 0x0000000083500000|100%| O|  |TAMS 0x0000000083500000, 0x0000000083500000| Untracked 
|  17|0x0000000083500000, 0x0000000083500000, 0x0000000083600000|  0%| F|  |TAMS 0x0000000083500000, 0x0000000083500000| Untracked 
|  18|0x0000000083600000, 0x0000000083700000, 0x0000000083700000|100%| O|  |TAMS 0x0000000083600000, 0x0000000083700000| Untracked 
|  19|0x0000000083700000, 0x0000000083800000, 0x0000000083800000|100%| O|  |TAMS 0x0000000083700000, 0x0000000083800000| Untracked 
|  20|0x0000000083800000, 0x0000000083900000, 0x0000000083900000|100%| O|  |TAMS 0x0000000083800000, 0x0000000083900000| Untracked 
|  21|0x0000000083900000, 0x0000000083a00000, 0x0000000083a00000|100%| O|  |TAMS 0x0000000083900000, 0x0000000083a00000| Untracked 
|  22|0x0000000083a00000, 0x0000000083a00000, 0x0000000083b00000|  0%| F|  |TAMS 0x0000000083a00000, 0x0000000083a00000| Untracked 
|  23|0x0000000083b00000, 0x0000000083b00000, 0x0000000083c00000|  0%| F|  |TAMS 0x0000000083b00000, 0x0000000083b00000| Untracked 
|  24|0x0000000083c00000, 0x0000000083c00000, 0x0000000083d00000|  0%| F|  |TAMS 0x0000000083c00000, 0x0000000083c00000| Untracked 
|  25|0x0000000083d00000, 0x0000000083d00000, 0x0000000083e00000|  0%| F|  |TAMS 0x0000000083d00000, 0x0000000083d00000| Untracked 
|  26|0x0000000083e00000, 0x0000000083e00000, 0x0000000083f00000|  0%| F|  |TAMS 0x0000000083e00000, 0x0000000083e00000| Untracked 
|  27|0x0000000083f00000, 0x0000000083f00000, 0x0000000084000000|  0%| F|  |TAMS 0x0000000083f00000, 0x0000000083f00000| Untracked 
|  28|0x0000000084000000, 0x0000000084100000, 0x0000000084100000|100%| O|  |TAMS 0x0000000084000000, 0x0000000084100000| Untracked 
|  29|0x0000000084100000, 0x0000000084200000, 0x0000000084200000|100%| O|  |TAMS 0x0000000084100000, 0x0000000084200000| Untracked 
|  30|0x0000000084200000, 0x0000000084300000, 0x0000000084300000|100%| O|  |TAMS 0x0000000084200000, 0x0000000084300000| Untracked 
|  31|0x0000000084300000, 0x0000000084400000, 0x0000000084400000|100%| O|  |TAMS 0x0000000084300000, 0x0000000084400000| Untracked 
|  32|0x0000000084400000, 0x0000000084500000, 0x0000000084500000|100%| O|  |TAMS 0x0000000084400000, 0x0000000084500000| Untracked 
|  33|0x0000000084500000, 0x0000000084546000, 0x0000000084600000| 27%| O|  |TAMS 0x0000000084500000, 0x0000000084546000| Untracked 
|  34|0x0000000084600000, 0x0000000084600000, 0x0000000084700000|  0%| F|  |TAMS 0x0000000084600000, 0x0000000084600000| Untracked 
|  35|0x0000000084700000, 0x0000000084700000, 0x0000000084800000|  0%| F|  |TAMS 0x0000000084700000, 0x0000000084700000| Untracked 
|  36|0x0000000084800000, 0x0000000084800000, 0x0000000084900000|  0%| F|  |TAMS 0x0000000084800000, 0x0000000084800000| Untracked 
|  37|0x0000000084900000, 0x0000000084900000, 0x0000000084a00000|  0%| F|  |TAMS 0x0000000084900000, 0x0000000084900000| Untracked 
|  38|0x0000000084a00000, 0x0000000084a00000, 0x0000000084b00000|  0%| F|  |TAMS 0x0000000084a00000, 0x0000000084a00000| Untracked 
|  39|0x0000000084b00000, 0x0000000084b86f10, 0x0000000084c00000| 52%| S|CS|TAMS 0x0000000084b00000, 0x0000000084b00000| Complete 
|  40|0x0000000084c00000, 0x0000000084d00000, 0x0000000084d00000|100%| S|CS|TAMS 0x0000000084c00000, 0x0000000084c00000| Complete 
|  41|0x0000000084d00000, 0x0000000084e00000, 0x0000000084e00000|100%| S|CS|TAMS 0x0000000084d00000, 0x0000000084d00000| Complete 
|  42|0x0000000084e00000, 0x0000000084f00000, 0x0000000084f00000|100%| S|CS|TAMS 0x0000000084e00000, 0x0000000084e00000| Complete 
|  43|0x0000000084f00000, 0x0000000085000000, 0x0000000085000000|100%| S|CS|TAMS 0x0000000084f00000, 0x0000000084f00000| Complete 
|  44|0x0000000085000000, 0x0000000085000000, 0x0000000085100000|  0%| F|  |TAMS 0x0000000085000000, 0x0000000085000000| Untracked 
|  45|0x0000000085100000, 0x0000000085100000, 0x0000000085200000|  0%| F|  |TAMS 0x0000000085100000, 0x0000000085100000| Untracked 
|  46|0x0000000085200000, 0x0000000085200000, 0x0000000085300000|  0%| F|  |TAMS 0x0000000085200000, 0x0000000085200000| Untracked 
|  47|0x0000000085300000, 0x0000000085300000, 0x0000000085400000|  0%| F|  |TAMS 0x0000000085300000, 0x0000000085300000| Untracked 
|  48|0x0000000085400000, 0x0000000085400000, 0x0000000085500000|  0%| F|  |TAMS 0x0000000085400000, 0x0000000085400000| Untracked 
|  49|0x0000000085500000, 0x0000000085500000, 0x0000000085600000|  0%| F|  |TAMS 0x0000000085500000, 0x0000000085500000| Untracked 
|  50|0x0000000085600000, 0x0000000085600000, 0x0000000085700000|  0%| F|  |TAMS 0x0000000085600000, 0x0000000085600000| Untracked 
|  51|0x0000000085700000, 0x0000000085700000, 0x0000000085800000|  0%| F|  |TAMS 0x0000000085700000, 0x0000000085700000| Untracked 
|  52|0x0000000085800000, 0x0000000085800000, 0x0000000085900000|  0%| F|  |TAMS 0x0000000085800000, 0x0000000085800000| Untracked 
|  53|0x0000000085900000, 0x0000000085900000, 0x0000000085a00000|  0%| F|  |TAMS 0x0000000085900000, 0x0000000085900000| Untracked 
|  54|0x0000000085a00000, 0x0000000085a00000, 0x0000000085b00000|  0%| F|  |TAMS 0x0000000085a00000, 0x0000000085a00000| Untracked 
|  55|0x0000000085b00000, 0x0000000085b00000, 0x0000000085c00000|  0%| F|  |TAMS 0x0000000085b00000, 0x0000000085b00000| Untracked 
|  56|0x0000000085c00000, 0x0000000085c00000, 0x0000000085d00000|  0%| F|  |TAMS 0x0000000085c00000, 0x0000000085c00000| Untracked 
|  57|0x0000000085d00000, 0x0000000085d00000, 0x0000000085e00000|  0%| F|  |TAMS 0x0000000085d00000, 0x0000000085d00000| Untracked 
|  58|0x0000000085e00000, 0x0000000085e00000, 0x0000000085f00000|  0%| F|  |TAMS 0x0000000085e00000, 0x0000000085e00000| Untracked 
|  59|0x0000000085f00000, 0x0000000085f00000, 0x0000000086000000|  0%| F|  |TAMS 0x0000000085f00000, 0x0000000085f00000| Untracked 
|  60|0x0000000086000000, 0x0000000086000000, 0x0000000086100000|  0%| F|  |TAMS 0x0000000086000000, 0x0000000086000000| Untracked 
|  61|0x0000000086100000, 0x0000000086100000, 0x0000000086200000|  0%| F|  |TAMS 0x0000000086100000, 0x0000000086100000| Untracked 
|  62|0x0000000086200000, 0x0000000086200000, 0x0000000086300000|  0%| F|  |TAMS 0x0000000086200000, 0x0000000086200000| Untracked 
|  63|0x0000000086300000, 0x0000000086300000, 0x0000000086400000|  0%| F|  |TAMS 0x0000000086300000, 0x0000000086300000| Untracked 
|  64|0x0000000086400000, 0x0000000086400000, 0x0000000086500000|  0%| F|  |TAMS 0x0000000086400000, 0x0000000086400000| Untracked 
|  65|0x0000000086500000, 0x0000000086500000, 0x0000000086600000|  0%| F|  |TAMS 0x0000000086500000, 0x0000000086500000| Untracked 
|  66|0x0000000086600000, 0x0000000086600000, 0x0000000086700000|  0%| F|  |TAMS 0x0000000086600000, 0x0000000086600000| Untracked 
|  67|0x0000000086700000, 0x0000000086700000, 0x0000000086800000|  0%| F|  |TAMS 0x0000000086700000, 0x0000000086700000| Untracked 
|  68|0x0000000086800000, 0x0000000086800000, 0x0000000086900000|  0%| F|  |TAMS 0x0000000086800000, 0x0000000086800000| Untracked 
|  69|0x0000000086900000, 0x0000000086900000, 0x0000000086a00000|  0%| F|  |TAMS 0x0000000086900000, 0x0000000086900000| Untracked 
|  70|0x0000000086a00000, 0x0000000086a00000, 0x0000000086b00000|  0%| F|  |TAMS 0x0000000086a00000, 0x0000000086a00000| Untracked 
|  71|0x0000000086b00000, 0x0000000086b00000, 0x0000000086c00000|  0%| F|  |TAMS 0x0000000086b00000, 0x0000000086b00000| Untracked 
|  72|0x0000000086c00000, 0x0000000086c00000, 0x0000000086d00000|  0%| F|  |TAMS 0x0000000086c00000, 0x0000000086c00000| Untracked 
|  73|0x0000000086d00000, 0x0000000086d00000, 0x0000000086e00000|  0%| F|  |TAMS 0x0000000086d00000, 0x0000000086d00000| Untracked 
|  74|0x0000000086e00000, 0x0000000086e00000, 0x0000000086f00000|  0%| F|  |TAMS 0x0000000086e00000, 0x0000000086e00000| Untracked 
|  75|0x0000000086f00000, 0x0000000086f00000, 0x0000000087000000|  0%| F|  |TAMS 0x0000000086f00000, 0x0000000086f00000| Untracked 
|  76|0x0000000087000000, 0x0000000087000000, 0x0000000087100000|  0%| F|  |TAMS 0x0000000087000000, 0x0000000087000000| Untracked 
|  77|0x0000000087100000, 0x0000000087100000, 0x0000000087200000|  0%| F|  |TAMS 0x0000000087100000, 0x0000000087100000| Untracked 
|  78|0x0000000087200000, 0x0000000087200000, 0x0000000087300000|  0%| F|  |TAMS 0x0000000087200000, 0x0000000087200000| Untracked 
|  79|0x0000000087300000, 0x0000000087300000, 0x0000000087400000|  0%| F|  |TAMS 0x0000000087300000, 0x0000000087300000| Untracked 
|  80|0x0000000087400000, 0x0000000087400000, 0x0000000087500000|  0%| F|  |TAMS 0x0000000087400000, 0x0000000087400000| Untracked 
|  81|0x0000000087500000, 0x0000000087500000, 0x0000000087600000|  0%| F|  |TAMS 0x0000000087500000, 0x0000000087500000| Untracked 
|  82|0x0000000087600000, 0x0000000087600000, 0x0000000087700000|  0%| F|  |TAMS 0x0000000087600000, 0x0000000087600000| Untracked 
|  83|0x0000000087700000, 0x0000000087700000, 0x0000000087800000|  0%| F|  |TAMS 0x0000000087700000, 0x0000000087700000| Untracked 
|  84|0x0000000087800000, 0x0000000087800000, 0x0000000087900000|  0%| F|  |TAMS 0x0000000087800000, 0x0000000087800000| Untracked 
|  85|0x0000000087900000, 0x0000000087900000, 0x0000000087a00000|  0%| F|  |TAMS 0x0000000087900000, 0x0000000087900000| Untracked 
|  86|0x0000000087a00000, 0x0000000087a00000, 0x0000000087b00000|  0%| F|  |TAMS 0x0000000087a00000, 0x0000000087a00000| Untracked 
|  87|0x0000000087b00000, 0x0000000087b00000, 0x0000000087c00000|  0%| F|  |TAMS 0x0000000087b00000, 0x0000000087b00000| Untracked 
|  88|0x0000000087c00000, 0x0000000087c00000, 0x0000000087d00000|  0%| F|  |TAMS 0x0000000087c00000, 0x0000000087c00000| Untracked 
|  89|0x0000000087d00000, 0x0000000087d00000, 0x0000000087e00000|  0%| F|  |TAMS 0x0000000087d00000, 0x0000000087d00000| Untracked 
|  90|0x0000000087e00000, 0x0000000087e00000, 0x0000000087f00000|  0%| F|  |TAMS 0x0000000087e00000, 0x0000000087e00000| Untracked 
|  91|0x0000000087f00000, 0x0000000087f00000, 0x0000000088000000|  0%| F|  |TAMS 0x0000000087f00000, 0x0000000087f00000| Untracked 
|  92|0x0000000088000000, 0x0000000088000000, 0x0000000088100000|  0%| F|  |TAMS 0x0000000088000000, 0x0000000088000000| Untracked 
|  93|0x0000000088100000, 0x0000000088100000, 0x0000000088200000|  0%| F|  |TAMS 0x0000000088100000, 0x0000000088100000| Untracked 
|  94|0x0000000088200000, 0x0000000088200000, 0x0000000088300000|  0%| F|  |TAMS 0x0000000088200000, 0x0000000088200000| Untracked 
|  95|0x0000000088300000, 0x0000000088300000, 0x0000000088400000|  0%| F|  |TAMS 0x0000000088300000, 0x0000000088300000| Untracked 
|  96|0x0000000088400000, 0x0000000088400000, 0x0000000088500000|  0%| F|  |TAMS 0x0000000088400000, 0x0000000088400000| Untracked 
|  97|0x0000000088500000, 0x0000000088500000, 0x0000000088600000|  0%| F|  |TAMS 0x0000000088500000, 0x0000000088500000| Untracked 
|  98|0x0000000088600000, 0x0000000088600000, 0x0000000088700000|  0%| F|  |TAMS 0x0000000088600000, 0x0000000088600000| Untracked 
|  99|0x0000000088700000, 0x0000000088700000, 0x0000000088800000|  0%| F|  |TAMS 0x0000000088700000, 0x0000000088700000| Untracked 
| 100|0x0000000088800000, 0x0000000088800000, 0x0000000088900000|  0%| F|  |TAMS 0x0000000088800000, 0x0000000088800000| Untracked 
| 101|0x0000000088900000, 0x0000000088900000, 0x0000000088a00000|  0%| F|  |TAMS 0x0000000088900000, 0x0000000088900000| Untracked 
| 102|0x0000000088a00000, 0x0000000088a00000, 0x0000000088b00000|  0%| F|  |TAMS 0x0000000088a00000, 0x0000000088a00000| Untracked 
| 103|0x0000000088b00000, 0x0000000088b00000, 0x0000000088c00000|  0%| F|  |TAMS 0x0000000088b00000, 0x0000000088b00000| Untracked 
| 104|0x0000000088c00000, 0x0000000088c00000, 0x0000000088d00000|  0%| F|  |TAMS 0x0000000088c00000, 0x0000000088c00000| Untracked 
| 105|0x0000000088d00000, 0x0000000088d00000, 0x0000000088e00000|  0%| F|  |TAMS 0x0000000088d00000, 0x0000000088d00000| Untracked 
| 106|0x0000000088e00000, 0x0000000088e00000, 0x0000000088f00000|  0%| F|  |TAMS 0x0000000088e00000, 0x0000000088e00000| Untracked 
| 107|0x0000000088f00000, 0x0000000088f00000, 0x0000000089000000|  0%| F|  |TAMS 0x0000000088f00000, 0x0000000088f00000| Untracked 
| 108|0x0000000089000000, 0x0000000089000000, 0x0000000089100000|  0%| F|  |TAMS 0x0000000089000000, 0x0000000089000000| Untracked 
| 109|0x0000000089100000, 0x0000000089100000, 0x0000000089200000|  0%| F|  |TAMS 0x0000000089100000, 0x0000000089100000| Untracked 
| 110|0x0000000089200000, 0x0000000089200000, 0x0000000089300000|  0%| F|  |TAMS 0x0000000089200000, 0x0000000089200000| Untracked 
| 111|0x0000000089300000, 0x0000000089300000, 0x0000000089400000|  0%| F|  |TAMS 0x0000000089300000, 0x0000000089300000| Untracked 
| 112|0x0000000089400000, 0x0000000089400000, 0x0000000089500000|  0%| F|  |TAMS 0x0000000089400000, 0x0000000089400000| Untracked 
| 113|0x0000000089500000, 0x0000000089500000, 0x0000000089600000|  0%| F|  |TAMS 0x0000000089500000, 0x0000000089500000| Untracked 
| 114|0x0000000089600000, 0x0000000089600000, 0x0000000089700000|  0%| F|  |TAMS 0x0000000089600000, 0x0000000089600000| Untracked 
| 115|0x0000000089700000, 0x0000000089700000, 0x0000000089800000|  0%| F|  |TAMS 0x0000000089700000, 0x0000000089700000| Untracked 
| 116|0x0000000089800000, 0x0000000089800000, 0x0000000089900000|  0%| F|  |TAMS 0x0000000089800000, 0x0000000089800000| Untracked 
| 117|0x0000000089900000, 0x0000000089900000, 0x0000000089a00000|  0%| F|  |TAMS 0x0000000089900000, 0x0000000089900000| Untracked 
| 118|0x0000000089a00000, 0x0000000089a00000, 0x0000000089b00000|  0%| F|  |TAMS 0x0000000089a00000, 0x0000000089a00000| Untracked 
| 119|0x0000000089b00000, 0x0000000089b00000, 0x0000000089c00000|  0%| F|  |TAMS 0x0000000089b00000, 0x0000000089b00000| Untracked 
| 120|0x0000000089c00000, 0x0000000089c00000, 0x0000000089d00000|  0%| F|  |TAMS 0x0000000089c00000, 0x0000000089c00000| Untracked 
| 121|0x0000000089d00000, 0x0000000089d00000, 0x0000000089e00000|  0%| F|  |TAMS 0x0000000089d00000, 0x0000000089d00000| Untracked 
| 122|0x0000000089e00000, 0x0000000089e00000, 0x0000000089f00000|  0%| F|  |TAMS 0x0000000089e00000, 0x0000000089e00000| Untracked 
| 123|0x0000000089f00000, 0x0000000089f00000, 0x000000008a000000|  0%| F|  |TAMS 0x0000000089f00000, 0x0000000089f00000| Untracked 
| 124|0x000000008a000000, 0x000000008a000000, 0x000000008a100000|  0%| F|  |TAMS 0x000000008a000000, 0x000000008a000000| Untracked 
| 125|0x000000008a100000, 0x000000008a100000, 0x000000008a200000|  0%| F|  |TAMS 0x000000008a100000, 0x000000008a100000| Untracked 
| 126|0x000000008a200000, 0x000000008a200000, 0x000000008a300000|  0%| F|  |TAMS 0x000000008a200000, 0x000000008a200000| Untracked 
| 127|0x000000008a300000, 0x000000008a300000, 0x000000008a400000|  0%| F|  |TAMS 0x000000008a300000, 0x000000008a300000| Untracked 
| 128|0x000000008a400000, 0x000000008a400000, 0x000000008a500000|  0%| F|  |TAMS 0x000000008a400000, 0x000000008a400000| Untracked 
| 129|0x000000008a500000, 0x000000008a500000, 0x000000008a600000|  0%| F|  |TAMS 0x000000008a500000, 0x000000008a500000| Untracked 
| 130|0x000000008a600000, 0x000000008a600000, 0x000000008a700000|  0%| F|  |TAMS 0x000000008a600000, 0x000000008a600000| Untracked 
| 131|0x000000008a700000, 0x000000008a700000, 0x000000008a800000|  0%| F|  |TAMS 0x000000008a700000, 0x000000008a700000| Untracked 
| 132|0x000000008a800000, 0x000000008a800000, 0x000000008a900000|  0%| F|  |TAMS 0x000000008a800000, 0x000000008a800000| Untracked 
| 133|0x000000008a900000, 0x000000008a900000, 0x000000008aa00000|  0%| F|  |TAMS 0x000000008a900000, 0x000000008a900000| Untracked 
| 134|0x000000008aa00000, 0x000000008aa00000, 0x000000008ab00000|  0%| F|  |TAMS 0x000000008aa00000, 0x000000008aa00000| Untracked 
| 135|0x000000008ab00000, 0x000000008ab00000, 0x000000008ac00000|  0%| F|  |TAMS 0x000000008ab00000, 0x000000008ab00000| Untracked 
| 136|0x000000008ac00000, 0x000000008ac00000, 0x000000008ad00000|  0%| F|  |TAMS 0x000000008ac00000, 0x000000008ac00000| Untracked 
| 137|0x000000008ad00000, 0x000000008ad00000, 0x000000008ae00000|  0%| F|  |TAMS 0x000000008ad00000, 0x000000008ad00000| Untracked 
| 138|0x000000008ae00000, 0x000000008ae00000, 0x000000008af00000|  0%| F|  |TAMS 0x000000008ae00000, 0x000000008ae00000| Untracked 
| 139|0x000000008af00000, 0x000000008af00000, 0x000000008b000000|  0%| F|  |TAMS 0x000000008af00000, 0x000000008af00000| Untracked 
| 140|0x000000008b000000, 0x000000008b000000, 0x000000008b100000|  0%| F|  |TAMS 0x000000008b000000, 0x000000008b000000| Untracked 
| 141|0x000000008b100000, 0x000000008b100000, 0x000000008b200000|  0%| F|  |TAMS 0x000000008b100000, 0x000000008b100000| Untracked 
| 142|0x000000008b200000, 0x000000008b200000, 0x000000008b300000|  0%| F|  |TAMS 0x000000008b200000, 0x000000008b200000| Untracked 
| 143|0x000000008b300000, 0x000000008b300000, 0x000000008b400000|  0%| F|  |TAMS 0x000000008b300000, 0x000000008b300000| Untracked 
| 144|0x000000008b400000, 0x000000008b400000, 0x000000008b500000|  0%| F|  |TAMS 0x000000008b400000, 0x000000008b400000| Untracked 
| 145|0x000000008b500000, 0x000000008b500000, 0x000000008b600000|  0%| F|  |TAMS 0x000000008b500000, 0x000000008b500000| Untracked 
| 146|0x000000008b600000, 0x000000008b600000, 0x000000008b700000|  0%| F|  |TAMS 0x000000008b600000, 0x000000008b600000| Untracked 
| 147|0x000000008b700000, 0x000000008b700000, 0x000000008b800000|  0%| F|  |TAMS 0x000000008b700000, 0x000000008b700000| Untracked 
| 148|0x000000008b800000, 0x000000008b800000, 0x000000008b900000|  0%| F|  |TAMS 0x000000008b800000, 0x000000008b800000| Untracked 
| 149|0x000000008b900000, 0x000000008b900000, 0x000000008ba00000|  0%| F|  |TAMS 0x000000008b900000, 0x000000008b900000| Untracked 
| 150|0x000000008ba00000, 0x000000008ba00000, 0x000000008bb00000|  0%| F|  |TAMS 0x000000008ba00000, 0x000000008ba00000| Untracked 
| 151|0x000000008bb00000, 0x000000008bb00000, 0x000000008bc00000|  0%| F|  |TAMS 0x000000008bb00000, 0x000000008bb00000| Untracked 
| 152|0x000000008bc00000, 0x000000008bc00000, 0x000000008bd00000|  0%| F|  |TAMS 0x000000008bc00000, 0x000000008bc00000| Untracked 
| 153|0x000000008bd00000, 0x000000008bd00000, 0x000000008be00000|  0%| F|  |TAMS 0x000000008bd00000, 0x000000008bd00000| Untracked 
| 154|0x000000008be00000, 0x000000008be00000, 0x000000008bf00000|  0%| F|  |TAMS 0x000000008be00000, 0x000000008be00000| Untracked 
| 155|0x000000008bf00000, 0x000000008bf00000, 0x000000008c000000|  0%| F|  |TAMS 0x000000008bf00000, 0x000000008bf00000| Untracked 
| 156|0x000000008c000000, 0x000000008c000000, 0x000000008c100000|  0%| F|  |TAMS 0x000000008c000000, 0x000000008c000000| Untracked 
| 157|0x000000008c100000, 0x000000008c100000, 0x000000008c200000|  0%| F|  |TAMS 0x000000008c100000, 0x000000008c100000| Untracked 
| 158|0x000000008c200000, 0x000000008c200000, 0x000000008c300000|  0%| F|  |TAMS 0x000000008c200000, 0x000000008c200000| Untracked 
| 159|0x000000008c300000, 0x000000008c300000, 0x000000008c400000|  0%| F|  |TAMS 0x000000008c300000, 0x000000008c300000| Untracked 
| 160|0x000000008c400000, 0x000000008c400000, 0x000000008c500000|  0%| F|  |TAMS 0x000000008c400000, 0x000000008c400000| Untracked 

Card table byte_map: [0x0000029073620000,0x0000029073a10000] _byte_map_base: 0x000002907320e000

Marking Bits (Prev, Next): (CMBitMap*) 0x000002906ab1b110, (CMBitMap*) 0x000002906ab1b0d0
 Prev Bits: [0x0000029075d70000, 0x0000029077ce0000)
 Next Bits: [0x0000029073e00000, 0x0000029075d70000)

Polling page: 0x000002906abb0000

Metaspace:

Usage:
  Non-class:     58.58 MB used.
      Class:      9.18 MB used.
       Both:     67.76 MB used.

Virtual space:
  Non-class space:       64.00 MB reserved,      58.88 MB ( 92%) committed,  8 nodes.
      Class space:        1.00 GB reserved,       9.44 MB ( <1%) committed,  1 nodes.
             Both:        1.06 GB reserved,      68.31 MB (  6%) committed. 

Chunk freelists:
   Non-Class:  622.00 KB
       Class:  2.42 MB
        Both:  3.02 MB

MaxMetaspaceSize: unlimited
CompressedClassSpaceSize: 1.00 GB
Initial GC threshold: 21.00 MB
Current GC threshold: 99.31 MB
CDS: off
MetaspaceReclaimPolicy: balanced
 - commit_granule_bytes: 65536.
 - commit_granule_words: 8192.
 - virtual_space_node_default_size: 1048576.
 - enlarge_chunks_in_place: 1.
 - new_chunks_are_fully_committed: 0.
 - uncommit_free_chunks: 1.
 - use_allocation_guard: 0.
 - handle_deallocations: 1.


Internal statistics:

num_allocs_failed_limit: 12.
num_arena_births: 630.
num_arena_deaths: 0.
num_vsnodes_births: 9.
num_vsnodes_deaths: 0.
num_space_committed: 1093.
num_space_uncommitted: 0.
num_chunks_returned_to_freelist: 12.
num_chunks_taken_from_freelist: 2899.
num_chunk_merges: 12.
num_chunk_splits: 2069.
num_chunks_enlarged: 1566.
num_purges: 0.
num_inconsistent_stats: 0.

CodeCache: size=49152Kb used=10701Kb max_used=11756Kb free=38450Kb
 bounds [0x000002906f950000, 0x00000290704d0000, 0x0000029072950000]
 total_blobs=6771 nmethods=6120 adapters=578
 compilation: enabled
              stopped_count=0, restarted_count=0
 full_count=0

Compilation events (20 events):
Event: 58.404 Thread 0x000002907a7e4730 6110       1       java.util.concurrent.locks.LockSupport::setBlocker (12 bytes)
Event: 58.405 Thread 0x000002907a7e4730 nmethod 6110 0x000002906fd58a90 code [0x000002906fd58c20, 0x000002906fd58d18]
Event: 60.600 Thread 0x000002907a7e4730 6111       1       java.io.FilterOutputStream::<init> (21 bytes)
Event: 60.600 Thread 0x000002907a7e4730 nmethod 6111 0x000002906fd58690 code [0x000002906fd58820, 0x000002906fd589d8]
Event: 62.014 Thread 0x000002907a7e4730 6112   !   1       java.util.AbstractSet::equals (45 bytes)
Event: 62.015 Thread 0x000002907a7e4730 nmethod 6112 0x000002906fd58090 code [0x000002906fd58260, 0x000002906fd58548]
Event: 62.091 Thread 0x000002907a7e4730 6114       1       java.util.concurrent.ScheduledThreadPoolExecutor::canRunInCurrentRunState (61 bytes)
Event: 62.091 Thread 0x000002907a7e4730 nmethod 6114 0x000002906fd57a90 code [0x000002906fd57c40, 0x000002906fd57ee8]
Event: 62.091 Thread 0x000002907a7e4730 6113       1       org.apache.catalina.valves.ValveBase::getNext (5 bytes)
Event: 62.091 Thread 0x000002907a7e4730 nmethod 6113 0x000002906fd57790 code [0x000002906fd57920, 0x000002906fd579f8]
Event: 62.409 Thread 0x000002907a7e4730 6115       1       java.util.concurrent.locks.AbstractQueuedSynchronizer$ConditionNode::isReleasable (23 bytes)
Event: 62.409 Thread 0x000002907a7e4730 nmethod 6115 0x000002906fd57410 code [0x000002906fd575a0, 0x000002906fd57698]
Event: 65.411 Thread 0x000002907a7e4730 6116       1       java.util.concurrent.ThreadPoolExecutor::workerCountOf (5 bytes)
Event: 65.411 Thread 0x000002907a7e4730 nmethod 6116 0x000002906fd57110 code [0x000002906fd572a0, 0x000002906fd57358]
Event: 69.178 Thread 0x000002907a7e4730 6117       1       org.springframework.boot.devtools.filewatch.DirectorySnapshot::filter (72 bytes)
Event: 69.179 Thread 0x000002907a7e4730 nmethod 6117 0x000002906fd56910 code [0x000002906fd56b20, 0x000002906fd56ef8]
Event: 69.415 Thread 0x000002907a7e4730 6118       1       java.util.concurrent.ScheduledThreadPoolExecutor$ScheduledFutureTask::getDelay (16 bytes)
Event: 69.415 Thread 0x000002907a7e4730 nmethod 6118 0x000002906fd56190 code [0x000002906fd56320, 0x000002906fd56448]
Event: 69.415 Thread 0x000002907a7e4730 6119       1       java.util.concurrent.TimeUnit::convert (77 bytes)
Event: 69.416 Thread 0x000002907a7e4730 nmethod 6119 0x000002906fd55b90 code [0x000002906fd55d80, 0x000002906fd56008]

GC Heap History (20 events):
Event: 1.132 GC heap after
{Heap after GC invocations=8 (full 0):
 garbage-first heap   total 82944K, used 12431K [0x0000000082400000, 0x0000000100000000)
  region size 1024K, 2 young (2048K), 2 survivors (2048K)
 Metaspace       used 29919K, committed 30272K, reserved 1081344K
  class space    used 3685K, committed 3840K, reserved 1048576K
}
Event: 1.681 GC heap before
{Heap before GC invocations=8 (full 0):
 garbage-first heap   total 82944K, used 59535K [0x0000000082400000, 0x0000000100000000)
  region size 1024K, 48 young (49152K), 2 survivors (2048K)
 Metaspace       used 35115K, committed 35456K, reserved 1081344K
  class space    used 4506K, committed 4672K, reserved 1048576K
}
Event: 1.685 GC heap after
{Heap after GC invocations=9 (full 0):
 garbage-first heap   total 82944K, used 15783K [0x0000000082400000, 0x0000000100000000)
  region size 1024K, 5 young (5120K), 5 survivors (5120K)
 Metaspace       used 35115K, committed 35456K, reserved 1081344K
  class space    used 4506K, committed 4672K, reserved 1048576K
}
Event: 1.727 GC heap before
{Heap before GC invocations=9 (full 0):
 garbage-first heap   total 82944K, used 18855K [0x0000000082400000, 0x0000000100000000)
  region size 1024K, 9 young (9216K), 5 survivors (5120K)
 Metaspace       used 35835K, committed 36160K, reserved 1081344K
  class space    used 4606K, committed 4736K, reserved 1048576K
}
Event: 1.731 GC heap after
{Heap after GC invocations=10 (full 0):
 garbage-first heap   total 82944K, used 16603K [0x0000000082400000, 0x0000000100000000)
  region size 1024K, 1 young (1024K), 1 survivors (1024K)
 Metaspace       used 35835K, committed 36160K, reserved 1081344K
  class space    used 4606K, committed 4736K, reserved 1048576K
}
Event: 1.843 GC heap before
{Heap before GC invocations=11 (full 0):
 garbage-first heap   total 65536K, used 55515K [0x0000000082400000, 0x0000000100000000)
  region size 1024K, 41 young (41984K), 1 survivors (1024K)
 Metaspace       used 37457K, committed 37824K, reserved 1089536K
  class space    used 4819K, committed 4992K, reserved 1048576K
}
Event: 1.845 GC heap after
{Heap after GC invocations=12 (full 0):
 garbage-first heap   total 65536K, used 17289K [0x0000000082400000, 0x0000000100000000)
  region size 1024K, 2 young (2048K), 2 survivors (2048K)
 Metaspace       used 37457K, committed 37824K, reserved 1089536K
  class space    used 4819K, committed 4992K, reserved 1048576K
}
Event: 1.845 GC heap before
{Heap before GC invocations=12 (full 0):
 garbage-first heap   total 65536K, used 17289K [0x0000000082400000, 0x0000000100000000)
  region size 1024K, 3 young (3072K), 2 survivors (2048K)
 Metaspace       used 37457K, committed 37824K, reserved 1089536K
  class space    used 4819K, committed 4992K, reserved 1048576K
}
Event: 1.847 GC heap after
{Heap after GC invocations=13 (full 0):
 garbage-first heap   total 65536K, used 17249K [0x0000000082400000, 0x0000000100000000)
  region size 1024K, 1 young (1024K), 1 survivors (1024K)
 Metaspace       used 37457K, committed 37824K, reserved 1089536K
  class space    used 4819K, committed 4992K, reserved 1048576K
}
Event: 1.880 GC heap before
{Heap before GC invocations=13 (full 0):
 garbage-first heap   total 65536K, used 47969K [0x0000000082400000, 0x0000000100000000)
  region size 1024K, 32 young (32768K), 1 survivors (1024K)
 Metaspace       used 37907K, committed 38336K, reserved 1089536K
  class space    used 4860K, committed 5056K, reserved 1048576K
}
Event: 1.881 GC heap after
{Heap after GC invocations=14 (full 0):
 garbage-first heap   total 164864K, used 17580K [0x0000000082400000, 0x0000000100000000)
  region size 1024K, 1 young (1024K), 1 survivors (1024K)
 Metaspace       used 37907K, committed 38336K, reserved 1089536K
  class space    used 4860K, committed 5056K, reserved 1048576K
}
Event: 2.759 GC heap before
{Heap before GC invocations=14 (full 0):
 garbage-first heap   total 164864K, used 113836K [0x0000000082400000, 0x0000000100000000)
  region size 1024K, 96 young (98304K), 1 survivors (1024K)
 Metaspace       used 53652K, committed 54016K, reserved 1097728K
  class space    used 7206K, committed 7360K, reserved 1048576K
}
Event: 2.763 GC heap after
{Heap after GC invocations=15 (full 0):
 garbage-first heap   total 164864K, used 22026K [0x0000000082400000, 0x0000000100000000)
  region size 1024K, 5 young (5120K), 5 survivors (5120K)
 Metaspace       used 53652K, committed 54016K, reserved 1097728K
  class space    used 7206K, committed 7360K, reserved 1048576K
}
Event: 3.905 GC heap before
{Heap before GC invocations=15 (full 0):
 garbage-first heap   total 164864K, used 65034K [0x0000000082400000, 0x0000000100000000)
  region size 1024K, 48 young (49152K), 5 survivors (5120K)
 Metaspace       used 60194K, committed 60608K, reserved 1105920K
  class space    used 8112K, committed 8320K, reserved 1048576K
}
Event: 3.910 GC heap after
{Heap after GC invocations=16 (full 0):
 garbage-first heap   total 164864K, used 24506K [0x0000000082400000, 0x0000000100000000)
  region size 1024K, 8 young (8192K), 8 survivors (8192K)
 Metaspace       used 60194K, committed 60608K, reserved 1105920K
  class space    used 8112K, committed 8320K, reserved 1048576K
}
Event: 4.228 GC heap before
{Heap before GC invocations=17 (full 0):
 garbage-first heap   total 92160K, used 79802K [0x0000000082400000, 0x0000000100000000)
  region size 1024K, 62 young (63488K), 8 survivors (8192K)
 Metaspace       used 62564K, committed 63104K, reserved 1105920K
  class space    used 8480K, committed 8768K, reserved 1048576K
}
Event: 4.234 GC heap after
{Heap after GC invocations=18 (full 0):
 garbage-first heap   total 92160K, used 27451K [0x0000000082400000, 0x0000000100000000)
  region size 1024K, 6 young (6144K), 6 survivors (6144K)
 Metaspace       used 62564K, committed 63104K, reserved 1105920K
  class space    used 8480K, committed 8768K, reserved 1048576K
}
Event: 4.247 GC heap before
{Heap before GC invocations=18 (full 0):
 garbage-first heap   total 92160K, used 28475K [0x0000000082400000, 0x0000000100000000)
  region size 1024K, 7 young (7168K), 6 survivors (6144K)
 Metaspace       used 62607K, committed 63168K, reserved 1105920K
  class space    used 8485K, committed 8768K, reserved 1048576K
}
Event: 4.251 GC heap after
{Heap after GC invocations=19 (full 0):
 garbage-first heap   total 92160K, used 27818K [0x0000000082400000, 0x0000000100000000)
  region size 1024K, 1 young (1024K), 1 survivors (1024K)
 Metaspace       used 62607K, committed 63168K, reserved 1105920K
  class space    used 8485K, committed 8768K, reserved 1048576K
}
Event: 70.843 GC heap before
{Heap before GC invocations=19 (full 0):
 garbage-first heap   total 92160K, used 72874K [0x0000000082400000, 0x0000000100000000)
  region size 1024K, 46 young (47104K), 1 survivors (1024K)
 Metaspace       used 69390K, committed 69952K, reserved 1114112K
  class space    used 9401K, committed 9664K, reserved 1048576K
}

Deoptimization events (14 events):
Event: 0.461 Thread 0x000002906aad94a0 DEOPT PACKING pc=0x000002906fb7fff5 sp=0x000000a9eecfdad0
Event: 0.461 Thread 0x000002906aad94a0 DEOPT UNPACKING pc=0x000002906f9a2b43 sp=0x000000a9eecfcf28 mode 3
Event: 0.804 Thread 0x000002907cba6690 DEOPT PACKING pc=0x000002906feda205 sp=0x000000a9f13fbfc0
Event: 0.804 Thread 0x000002907cba6690 DEOPT UNPACKING pc=0x000002906f9a2b43 sp=0x000000a9f13fb520 mode 3
Event: 0.845 Thread 0x000002907bd16f10 DEOPT PACKING pc=0x000002906fef9f99 sp=0x000000a9f0efcb10
Event: 0.845 Thread 0x000002907bd16f10 DEOPT UNPACKING pc=0x000002906f9a2b43 sp=0x000000a9f0efbff0 mode 3
Event: 1.389 Thread 0x000002907bd16f10 DEOPT PACKING pc=0x000002906ff33014 sp=0x000000a9f0efcfd0
Event: 1.389 Thread 0x000002907bd16f10 DEOPT UNPACKING pc=0x000002906f9a2b43 sp=0x000000a9f0efc528 mode 0
Event: 1.544 Thread 0x000002907bd16f10 DEOPT PACKING pc=0x00000290701079f5 sp=0x000000a9f0efd780
Event: 1.544 Thread 0x000002907bd16f10 DEOPT UNPACKING pc=0x000002906f9a2b43 sp=0x000000a9f0efcbf0 mode 3
Event: 1.811 Thread 0x000002907bd16f10 DEOPT PACKING pc=0x000002907019747d sp=0x000000a9f0efcad0
Event: 1.811 Thread 0x000002907bd16f10 DEOPT UNPACKING pc=0x000002906f9a2b43 sp=0x000000a9f0efc038 mode 3
Event: 4.234 Thread 0x000002907bd16f10 DEOPT PACKING pc=0x000002906fedc5d2 sp=0x000000a9f0efd610
Event: 4.234 Thread 0x000002907bd16f10 DEOPT UNPACKING pc=0x000002906f9a2b43 sp=0x000000a9f0efcb18 mode 3

Classes unloaded (0 events):
No events

Classes redefined (0 events):
No events

Internal exceptions (20 events):
Event: 4.100 Thread 0x000002907bd16f10 Exception <a 'java/lang/ClassNotFoundException'{0x0000000084cbd288}: org/springframework/web/servlet/config/annotation/DelegatingWebMvcConfigurationCustomizer> (0x0000000084cbd288) 
thrown [e:\jenkins\tmp\workspace\build\src\src\hotspot\share\classfile\systemDictionary.cpp, line 256]
Event: 4.100 Thread 0x000002907bd16f10 Exception <a 'java/lang/ClassNotFoundException'{0x0000000084cc8530}: org/springframework/boot/autoconfigure/web/servlet/WebMvcAutoConfiguration$EnableWebMvcConfigurationCustomizer> (0x0000000084cc8530) 
thrown [e:\jenkins\tmp\workspace\build\src\src\hotspot\share\classfile\systemDictionary.cpp, line 256]
Event: 4.101 Thread 0x000002907bd16f10 Exception <a 'java/lang/ClassNotFoundException'{0x0000000084cdd490}: org/springframework/context/ResourceLoaderAwareCustomizer> (0x0000000084cdd490) 
thrown [e:\jenkins\tmp\workspace\build\src\src\hotspot\share\classfile\systemDictionary.cpp, line 256]
Event: 4.101 Thread 0x000002907bd16f10 Exception <a 'java/lang/ClassNotFoundException'{0x0000000084ce3b60}: org/springframework/beans/factory/AwareCustomizer> (0x0000000084ce3b60) 
thrown [e:\jenkins\tmp\workspace\build\src\src\hotspot\share\classfile\systemDictionary.cpp, line 256]
Event: 4.102 Thread 0x000002907bd16f10 Exception <a 'java/lang/ClassNotFoundException'{0x0000000084ce9720}: org/springframework/context/ApplicationContextAwareCustomizer> (0x0000000084ce9720) 
thrown [e:\jenkins\tmp\workspace\build\src\src\hotspot\share\classfile\systemDictionary.cpp, line 256]
Event: 4.102 Thread 0x000002907bd16f10 Exception <a 'java/lang/ClassNotFoundException'{0x0000000084cf0af0}: org/springframework/beans/factory/AwareCustomizer> (0x0000000084cf0af0) 
thrown [e:\jenkins\tmp\workspace\build\src\src\hotspot\share\classfile\systemDictionary.cpp, line 256]
Event: 4.102 Thread 0x000002907bd16f10 Exception <a 'java/lang/ClassNotFoundException'{0x0000000084cf6688}: org/springframework/web/context/ServletContextAwareCustomizer> (0x0000000084cf6688) 
thrown [e:\jenkins\tmp\workspace\build\src\src\hotspot\share\classfile\systemDictionary.cpp, line 256]
Event: 4.102 Thread 0x000002907bd16f10 Exception <a 'java/lang/ClassNotFoundException'{0x0000000084cfd190}: org/springframework/beans/factory/AwareCustomizer> (0x0000000084cfd190) 
thrown [e:\jenkins\tmp\workspace\build\src\src\hotspot\share\classfile\systemDictionary.cpp, line 256]
Event: 4.165 Thread 0x000002907bd16f10 Exception <a 'java/lang/NoSuchMethodError'{0x00000000845b2990}: 'void java.lang.invoke.DirectMethodHandle$Holder.invokeVirtual(java.lang.Object, java.lang.Object, int)'> (0x00000000845b2990) 
thrown [e:\jenkins\tmp\workspace\build\src\src\hotspot\share\interpreter\linkResolver.cpp, line 766]
Event: 4.166 Thread 0x000002907bd16f10 Exception <a 'java/lang/NoSuchMethodError'{0x00000000845cd340}: 'void java.lang.invoke.DirectMethodHandle$Holder.invokeVirtual(java.lang.Object, java.lang.Object, long)'> (0x00000000845cd340) 
thrown [e:\jenkins\tmp\workspace\build\src\src\hotspot\share\interpreter\linkResolver.cpp, line 766]
Event: 4.203 Thread 0x000002907bc45840 Exception <a 'java/lang/reflect/InvocationTargetException'{0x0000000084182390}> (0x0000000084182390) 
thrown [e:\jenkins\tmp\workspace\build\src\src\hotspot\share\runtime\reflection.cpp, line 1121]
Event: 4.255 Thread 0x000002907bd16f10 Exception <a 'java/lang/IncompatibleClassChangeError'{0x000000008c43fe20}: Found class java.lang.Object, but interface was expected> (0x000000008c43fe20) 
thrown [e:\jenkins\tmp\workspace\build\src\src\hotspot\share\interpreter\linkResolver.cpp, line 833]
Event: 4.275 Thread 0x000002907bd16f10 Exception <a 'java/lang/NoSuchMethodError'{0x00000000899d2da8}: 'int java.lang.invoke.DirectMethodHandle$Holder.invokeStaticInit(java.lang.Object, java.lang.Object, java.lang.Object, java.lang.Object)'> (0x00000000899d2da8) 
thrown [e:\jenkins\tmp\workspace\build\src\src\hotspot\share\interpreter\linkResolver.cpp, line 766]
Event: 4.371 Thread 0x000002907bd16f10 Exception <a 'java/lang/NoSuchMethodError'{0x00000000872a26a8}: 'java.lang.Object java.lang.invoke.DirectMethodHandle$Holder.invokeSpecial(java.lang.Object, java.lang.Object, int, java.lang.Object, int, java.lang.Object)'> (0x00000000872a26a8) 
thrown [e:\jenkins\tmp\workspace\build\src\src\hotspot\share\interpreter\linkResolver.cpp, line 766]
Event: 4.371 Thread 0x000002907bd16f10 Exception <a 'java/lang/NoSuchMethodError'{0x00000000872aa750}: 'java.lang.Object java.lang.invoke.DirectMethodHandle$Holder.newInvokeSpecial(java.lang.Object, java.lang.Object, int, java.lang.Object, int)'> (0x00000000872aa750) 
thrown [e:\jenkins\tmp\workspace\build\src\src\hotspot\share\interpreter\linkResolver.cpp, line 766]
Event: 4.371 Thread 0x000002907bd16f10 Exception <a 'java/lang/NoSuchMethodError'{0x00000000872ae850}: 'java.lang.Object java.lang.invoke.DirectMethodHandle$Holder.invokeSpecial(java.lang.Object, java.lang.Object, java.lang.Object, int, java.lang.Object, int)'> (0x00000000872ae850) 
thrown [e:\jenkins\tmp\workspace\build\src\src\hotspot\share\interpreter\linkResolver.cpp, line 766]
Event: 4.372 Thread 0x000002907bd16f10 Exception <a 'java/lang/NoSuchMethodError'{0x00000000872b8d50}: 'void java.lang.invoke.DirectMethodHandle$Holder.invokeVirtual(java.lang.Object, java.lang.Object)'> (0x00000000872b8d50) 
thrown [e:\jenkins\tmp\workspace\build\src\src\hotspot\share\interpreter\linkResolver.cpp, line 766]
Event: 11.316 Thread 0x000002907cba7030 Exception <a 'java/lang/ClassNotFoundException'{0x00000000871167b8}: java/lang/ObjectCustomizer> (0x00000000871167b8) 
thrown [e:\jenkins\tmp\workspace\build\src\src\hotspot\share\classfile\systemDictionary.cpp, line 256]
Event: 11.317 Thread 0x000002907cba7030 Exception <a 'java/lang/ClassNotFoundException'{0x0000000087124e98}: com/fptxurdinaga/springbootmvc/domain/AlumnoCustomizer> (0x0000000087124e98) 
thrown [e:\jenkins\tmp\workspace\build\src\src\hotspot\share\classfile\systemDictionary.cpp, line 256]
Event: 11.747 Thread 0x000002907cba8370 Exception <a 'java/lang/NoSuchMethodError'{0x000000008715a010}: 'java.lang.Object java.lang.invoke.DirectMethodHandle$Holder.invokeStaticInit(java.lang.Object, java.lang.Object, java.lang.Object, java.lang.Object, java.lang.Object, java.lang.Object)'> (0x000000008715a010) 
thrown [e:\jenkins\tmp\workspace\build\src\src\hotspot\share\interpreter\linkResolver.cpp, line 766]

VM Operations (20 events):
Event: 9.162 Executing VM operation: HandshakeAllThreads done
Event: 10.162 Executing VM operation: Cleanup
Event: 10.163 Executing VM operation: Cleanup done
Event: 11.315 Executing VM operation: HandshakeAllThreads
Event: 11.316 Executing VM operation: HandshakeAllThreads done
Event: 11.316 Executing VM operation: Cleanup
Event: 11.316 Executing VM operation: Cleanup done
Event: 12.316 Executing VM operation: Cleanup
Event: 12.316 Executing VM operation: Cleanup done
Event: 13.317 Executing VM operation: Cleanup
Event: 13.317 Executing VM operation: Cleanup done
Event: 32.327 Executing VM operation: Cleanup
Event: 32.327 Executing VM operation: Cleanup done
Event: 33.327 Executing VM operation: Cleanup
Event: 33.328 Executing VM operation: Cleanup done
Event: 35.328 Executing VM operation: Cleanup
Event: 35.329 Executing VM operation: Cleanup done
Event: 63.349 Executing VM operation: Cleanup
Event: 63.349 Executing VM operation: Cleanup done
Event: 70.842 Executing VM operation: G1CollectForAllocation

Events (20 events):
Event: 8.931 loading class java/lang/invoke/ConstantBootstraps
Event: 8.932 loading class java/lang/invoke/ConstantBootstraps done
Event: 8.950 loading class sun/nio/cs/ThreadLocalCoders
Event: 8.950 loading class sun/nio/cs/ThreadLocalCoders done
Event: 8.950 loading class sun/nio/cs/ThreadLocalCoders$1
Event: 8.950 loading class sun/nio/cs/ThreadLocalCoders$Cache
Event: 8.950 loading class sun/nio/cs/ThreadLocalCoders$Cache done
Event: 8.950 loading class sun/nio/cs/ThreadLocalCoders$1 done
Event: 8.950 loading class sun/nio/cs/ThreadLocalCoders$2
Event: 8.950 loading class sun/nio/cs/ThreadLocalCoders$2 done
Event: 9.081 loading class java/util/EnumMap$EntryIterator$Entry
Event: 9.081 loading class java/util/EnumMap$EntryIterator$Entry done
Event: 9.161 loading class java/nio/StringCharBuffer
Event: 9.161 loading class java/nio/StringCharBuffer done
Event: 11.316 loading class java/lang/ObjectCustomizer
Event: 11.316 loading class java/lang/ObjectCustomizer done
Event: 11.316 loading class java/lang/ObjectCustomizer
Event: 11.316 loading class java/lang/ObjectCustomizer done
Event: 12.350 Thread 0x0000029000779830 Thread added: 0x0000029000779830
Event: 17.353 Thread 0x0000029000779830 Thread exited: 0x0000029000779830


Dynamic libraries:
0x00007ff60c870000 - 0x00007ff60c87e000 	C:\sts\plugins\org.eclipse.justj.openjdk.hotspot.jre.full.win32.x86_64_17.0.1.v20211116-1657\jre\bin\javaw.exe
0x00007ff910050000 - 0x00007ff910245000 	C:\Windows\SYSTEM32\ntdll.dll
0x00007ff90f630000 - 0x00007ff90f6ee000 	C:\Windows\System32\KERNEL32.DLL
0x00007ff90db50000 - 0x00007ff90de18000 	C:\Windows\System32\KERNELBASE.dll
0x00007ff90dfb0000 - 0x00007ff90e0b0000 	C:\Windows\System32\ucrtbase.dll
0x00007ff8db7e0000 - 0x00007ff8db7f8000 	C:\sts\plugins\org.eclipse.justj.openjdk.hotspot.jre.full.win32.x86_64_17.0.1.v20211116-1657\jre\bin\jli.dll
0x00007ff907a20000 - 0x00007ff907a39000 	C:\sts\plugins\org.eclipse.justj.openjdk.hotspot.jre.full.win32.x86_64_17.0.1.v20211116-1657\jre\bin\VCRUNTIME140.dll
0x00007ff90e150000 - 0x00007ff90e2f0000 	C:\Windows\System32\USER32.dll
0x00007ff90db20000 - 0x00007ff90db42000 	C:\Windows\System32\win32u.dll
0x00007ff8fb560000 - 0x00007ff8fb7fa000 	C:\Windows\WinSxS\amd64_microsoft.windows.common-controls_6595b64144ccf1df_6.0.19041.1110_none_60b5254171f9507e\COMCTL32.dll
0x00007ff90ff30000 - 0x00007ff90ff5b000 	C:\Windows\System32\GDI32.dll
0x00007ff90e0b0000 - 0x00007ff90e14e000 	C:\Windows\System32\msvcrt.dll
0x00007ff90dea0000 - 0x00007ff90dfab000 	C:\Windows\System32\gdi32full.dll
0x00007ff90d820000 - 0x00007ff90d8bd000 	C:\Windows\System32\msvcp_win.dll
0x00007ff90e980000 - 0x00007ff90e9b0000 	C:\Windows\System32\IMM32.DLL
0x00007ff907fc0000 - 0x00007ff907fcc000 	C:\sts\plugins\org.eclipse.justj.openjdk.hotspot.jre.full.win32.x86_64_17.0.1.v20211116-1657\jre\bin\vcruntime140_1.dll
0x00007ff8da5d0000 - 0x00007ff8da661000 	C:\sts\plugins\org.eclipse.justj.openjdk.hotspot.jre.full.win32.x86_64_17.0.1.v20211116-1657\jre\bin\msvcp140.dll
0x00007ff8b9550000 - 0x00007ff8ba196000 	C:\sts\plugins\org.eclipse.justj.openjdk.hotspot.jre.full.win32.x86_64_17.0.1.v20211116-1657\jre\bin\server\jvm.dll
0x00007ff90f770000 - 0x00007ff90f81e000 	C:\Windows\System32\ADVAPI32.dll
0x00007ff90e9b0000 - 0x00007ff90ea4c000 	C:\Windows\System32\sechost.dll
0x00007ff90fdf0000 - 0x00007ff90ff15000 	C:\Windows\System32\RPCRT4.dll
0x00007ff90e350000 - 0x00007ff90e358000 	C:\Windows\System32\PSAPI.DLL
0x00007ff907f60000 - 0x00007ff907f69000 	C:\Windows\SYSTEM32\WSOCK32.dll
0x00007ff9066b0000 - 0x00007ff9066ba000 	C:\Windows\SYSTEM32\VERSION.dll
0x00007ff8f1b40000 - 0x00007ff8f1b67000 	C:\Windows\SYSTEM32\WINMM.dll
0x00007ff90f820000 - 0x00007ff90f88b000 	C:\Windows\System32\WS2_32.dll
0x00007ff90b640000 - 0x00007ff90b652000 	C:\Windows\SYSTEM32\kernel.appcore.dll
0x00007ff8ed980000 - 0x00007ff8ed98a000 	C:\sts\plugins\org.eclipse.justj.openjdk.hotspot.jre.full.win32.x86_64_17.0.1.v20211116-1657\jre\bin\jimage.dll
0x00007ff8fd180000 - 0x00007ff8fd364000 	C:\Windows\SYSTEM32\DBGHELP.DLL
0x00007ff8f6530000 - 0x00007ff8f655c000 	C:\Windows\SYSTEM32\dbgcore.DLL
0x00007ff90d930000 - 0x00007ff90d9b2000 	C:\Windows\System32\bcryptPrimitives.dll
0x00007ff8ccee0000 - 0x00007ff8ccf05000 	C:\sts\plugins\org.eclipse.justj.openjdk.hotspot.jre.full.win32.x86_64_17.0.1.v20211116-1657\jre\bin\java.dll
0x00007ff8ccc00000 - 0x00007ff8ccc18000 	C:\sts\plugins\org.eclipse.justj.openjdk.hotspot.jre.full.win32.x86_64_17.0.1.v20211116-1657\jre\bin\zip.dll
0x00007ff90edb0000 - 0x00007ff90f4f4000 	C:\Windows\System32\SHELL32.dll
0x00007ff90b840000 - 0x00007ff90bfd4000 	C:\Windows\SYSTEM32\windows.storage.dll
0x00007ff90ea50000 - 0x00007ff90eda4000 	C:\Windows\System32\combase.dll
0x00007ff90d080000 - 0x00007ff90d0ac000 	C:\Windows\SYSTEM32\Wldp.dll
0x00007ff90f910000 - 0x00007ff90f9bd000 	C:\Windows\System32\SHCORE.dll
0x00007ff90e2f0000 - 0x00007ff90e345000 	C:\Windows\System32\shlwapi.dll
0x00007ff90d6b0000 - 0x00007ff90d6cf000 	C:\Windows\SYSTEM32\profapi.dll
0x00007ff8ccbb0000 - 0x00007ff8ccbc9000 	C:\sts\plugins\org.eclipse.justj.openjdk.hotspot.jre.full.win32.x86_64_17.0.1.v20211116-1657\jre\bin\net.dll
0x00007ff903630000 - 0x00007ff903739000 	C:\Windows\SYSTEM32\WINHTTP.dll
0x00007ff90ce00000 - 0x00007ff90ce6a000 	C:\Windows\system32\mswsock.dll
0x00007ff8cbe20000 - 0x00007ff8cbe35000 	C:\sts\plugins\org.eclipse.justj.openjdk.hotspot.jre.full.win32.x86_64_17.0.1.v20211116-1657\jre\bin\nio.dll
0x00007ff907fe0000 - 0x00007ff907fe9000 	C:\sts\plugins\org.eclipse.justj.openjdk.hotspot.jre.full.win32.x86_64_17.0.1.v20211116-1657\jre\bin\management.dll
0x00007ff907fd0000 - 0x00007ff907fdb000 	C:\sts\plugins\org.eclipse.justj.openjdk.hotspot.jre.full.win32.x86_64_17.0.1.v20211116-1657\jre\bin\management_ext.dll
0x00007ff8f67f0000 - 0x00007ff8f6807000 	C:\Windows\system32\napinsp.dll
0x00007ff8f5fc0000 - 0x00007ff8f5fdb000 	C:\Windows\system32\pnrpnsp.dll
0x00007ff9082b0000 - 0x00007ff9082c5000 	C:\Windows\system32\wshbth.dll
0x00007ff9090c0000 - 0x00007ff9090dd000 	C:\Windows\system32\NLAapi.dll
0x00007ff90cb10000 - 0x00007ff90cb4b000 	C:\Windows\SYSTEM32\IPHLPAPI.DLL
0x00007ff90cb50000 - 0x00007ff90cc1a000 	C:\Windows\SYSTEM32\DNSAPI.dll
0x00007ff90ff20000 - 0x00007ff90ff28000 	C:\Windows\System32\NSI.dll
0x00007ff8f6990000 - 0x00007ff8f69a2000 	C:\Windows\System32\winrnr.dll
0x00007ff8fe720000 - 0x00007ff8fe72a000 	C:\Windows\System32\rasadhlp.dll
0x00007ff907640000 - 0x00007ff9076bf000 	C:\Windows\System32\fwpuclnt.dll
0x00007ff90de70000 - 0x00007ff90de97000 	C:\Windows\System32\bcrypt.dll
0x00007ff90d0c0000 - 0x00007ff90d0d8000 	C:\Windows\SYSTEM32\CRYPTSP.dll
0x00007ff90c7a0000 - 0x00007ff90c7d4000 	C:\Windows\system32\rsaenh.dll
0x00007ff90d670000 - 0x00007ff90d69e000 	C:\Windows\SYSTEM32\USERENV.dll
0x00007ff90cf90000 - 0x00007ff90cf9c000 	C:\Windows\SYSTEM32\CRYPTBASE.dll
0x00007ff9071b0000 - 0x00007ff9071c7000 	C:\Windows\SYSTEM32\dhcpcsvc6.DLL
0x00007ff9073a0000 - 0x00007ff9073bd000 	C:\Windows\SYSTEM32\dhcpcsvc.DLL
0x00007ff8ed970000 - 0x00007ff8ed980000 	C:\sts\plugins\org.eclipse.justj.openjdk.hotspot.jre.full.win32.x86_64_17.0.1.v20211116-1657\jre\bin\verify.dll
0x00007ff8ed7b0000 - 0x00007ff8ed7be000 	C:\sts\plugins\org.eclipse.justj.openjdk.hotspot.jre.full.win32.x86_64_17.0.1.v20211116-1657\jre\bin\sunmscapi.dll
0x00007ff90d9c0000 - 0x00007ff90db16000 	C:\Windows\System32\CRYPT32.dll
0x00007ff90d240000 - 0x00007ff90d267000 	C:\Windows\SYSTEM32\ncrypt.dll
0x00007ff90d200000 - 0x00007ff90d23b000 	C:\Windows\SYSTEM32\NTASN1.dll
0x00007ff8ed3f0000 - 0x00007ff8ed3f7000 	C:\Windows\system32\wshunix.dll

dbghelp: loaded successfully - version: 4.0.5 - missing functions: none
symbol engine: initialized successfully - sym options: 0x614 - pdb path: .;C:\sts\plugins\org.eclipse.justj.openjdk.hotspot.jre.full.win32.x86_64_17.0.1.v20211116-1657\jre\bin;C:\Windows\SYSTEM32;C:\Windows\WinSxS\amd64_microsoft.windows.common-controls_6595b64144ccf1df_6.0.19041.1110_none_60b5254171f9507e;C:\sts\plugins\org.eclipse.justj.openjdk.hotspot.jre.full.win32.x86_64_17.0.1.v20211116-1657\jre\bin\server

VM Arguments:
jvm_args: -Dcom.sun.management.jmxremote -Dcom.sun.management.jmxremote.port=55020 -Dcom.sun.management.jmxremote.authenticate=false -Dcom.sun.management.jmxremote.ssl=false -Djava.rmi.server.hostname=localhost -Dspring.jmx.enabled=true -Dspring.application.admin.enabled=true -XX:TieredStopAtLevel=1 -Dspring.boot.project.name=spring-boot-webmvc-txurdi -Dfile.encoding=UTF-8 -XX:+ShowCodeDetailsInExceptionMessages 
java_command: com.fptxurdinaga.springbootmvc.SpringBootWebmvcTxurdiApplication --spring.output.ansi.enabled=always
java_class_path (initial): C:\Users\ir_inf\git\spring-boot-webmvc-txurdi\target\classes;C:\Users\ir_inf\.m2\repository\org\springframework\boot\spring-boot-starter-thymeleaf\2.6.4\spring-boot-starter-thymeleaf-2.6.4.jar;C:\Users\ir_inf\.m2\repository\org\springframework\boot\spring-boot-starter\2.6.4\spring-boot-starter-2.6.4.jar;C:\Users\ir_inf\.m2\repository\org\springframework\boot\spring-boot-starter-logging\2.6.4\spring-boot-starter-logging-2.6.4.jar;C:\Users\ir_inf\.m2\repository\ch\qos\logback\logback-classic\1.2.10\logback-classic-1.2.10.jar;C:\Users\ir_inf\.m2\repository\ch\qos\logback\logback-core\1.2.10\logback-core-1.2.10.jar;C:\Users\ir_inf\.m2\repository\org\apache\logging\log4j\log4j-to-slf4j\2.17.1\log4j-to-slf4j-2.17.1.jar;C:\Users\ir_inf\.m2\repository\org\apache\logging\log4j\log4j-api\2.17.1\log4j-api-2.17.1.jar;C:\Users\ir_inf\.m2\repository\org\slf4j\jul-to-slf4j\1.7.36\jul-to-slf4j-1.7.36.jar;C:\Users\ir_inf\.m2\repository\jakarta\annotation\jakarta.annotation-api\1.3.5\jakarta.annotation-api-1.3.5.jar;C:\Users\ir_inf\.m2\repository\org\yaml\snakeyaml\1.29\snakeyaml-1.29.jar;C:\Users\ir_inf\.m2\repository\org\thymeleaf\thymeleaf-spring5\3.0.15.RELEASE\thymeleaf-spring5-3.0.15.RELEASE.jar;C:\Users\ir_inf\.m2\repository\org\thymeleaf\thymeleaf\3.0.15.RELEASE\thymeleaf-3.0.15.RELEASE.jar;C:\Users\ir_inf\.m2\repository\org\attoparser\attoparser\2.0.5.RELEASE\attoparser-2.0.5.RELEASE.jar;C:\Users\ir_inf\.m2\repository\org\unbescape\unbescape\1.1.6.RELEASE\unbescape-1.1.6.RELEASE.jar;C:\Users\ir_inf\.m2\repository\org\slf4j\slf4j-api\1.7.36\slf4j-api-1.7.36.jar;C:\Users\ir_inf\.m2\repository\org\thymeleaf\extras\thymeleaf-extras-java8time\3.0.4.RELEASE\thymeleaf-extras-java8time-3.0.4.RELEASE.jar;C:\Users\ir_inf\.m2\repository\org\springframework\boot\spring-boot-starter-web\2.6.4\spring-boot-starter-web-2.6.4.jar;C:\Users\ir_inf\.m2\repository\org\springframework\boot\spring-boot-starter-json\2.6.4\spring-boot-starter-json-2.6.4.jar;C:\Users\ir_i
Launcher Type: SUN_STANDARD

[Global flags]
     intx CICompilerCount                          = 4                                         {product} {ergonomic}
     uint ConcGCThreads                            = 2                                         {product} {ergonomic}
     uint G1ConcRefinementThreads                  = 8                                         {product} {ergonomic}
   size_t G1HeapRegionSize                         = 1048576                                   {product} {ergonomic}
    uintx GCDrainStackTargetSize                   = 64                                        {product} {ergonomic}
   size_t InitialHeapSize                          = 132120576                                 {product} {ergonomic}
     bool ManagementServer                         = true                                      {product} {command line}
   size_t MarkStackSize                            = 4194304                                   {product} {ergonomic}
   size_t MaxHeapSize                              = 2109734912                                {product} {ergonomic}
   size_t MaxNewSize                               = 1265631232                                {product} {ergonomic}
   size_t MinHeapDeltaBytes                        = 1048576                                   {product} {ergonomic}
   size_t MinHeapSize                              = 8388608                                   {product} {ergonomic}
    uintx NonProfiledCodeHeapSize                  = 0                                      {pd product} {ergonomic}
     bool ProfileInterpreter                       = false                                  {pd product} {command line}
    uintx ProfiledCodeHeapSize                     = 0                                      {pd product} {ergonomic}
     bool ShowCodeDetailsInExceptionMessages       = true                                   {manageable} {command line}
   size_t SoftMaxHeapSize                          = 2109734912                             {manageable} {ergonomic}
     intx TieredStopAtLevel                        = 1                                         {product} {command line}
     bool UseCompressedClassPointers               = true                           {product lp64_product} {ergonomic}
     bool UseCompressedOops                        = true                           {product lp64_product} {ergonomic}
     bool UseG1GC                                  = true                                      {product} {ergonomic}
     bool UseLargePagesIndividualAllocation        = false                                  {pd product} {ergonomic}

Logging:
Log output configuration:
 #0: stdout all=warning uptime,level,tags
 #1: stderr all=off uptime,level,tags

Environment Variables:
JAVA_HOME=C:\Program Files\Java\jdk-17
PATH=C:/sts//plugins/org.eclipse.justj.openjdk.hotspot.jre.full.win32.x86_64_17.0.1.v20211116-1657/jre/bin/server;C:/sts//plugins/org.eclipse.justj.openjdk.hotspot.jre.full.win32.x86_64_17.0.1.v20211116-1657/jre/bin;C:\Program Files\Common Files\Oracle\Java\javapath;C:\Windows\system32;C:\Windows;C:\Windows\System32\Wbem;C:\Windows\System32\WindowsPowerShell\v1.0\;C:\Windows\System32\OpenSSH\;C:\Program Files\Docker\Docker\resources\bin;C:\ProgramData\DockerDesktop\version-bin;C:\Users\ir_inf\AppData\Local\Microsoft\WindowsApps;C:\Users\ir_inf\AppData\Local\GitHubDesktop\bin;C:\maven\bin;;C:\sts;
USERNAME=ir_inf
OS=Windows_NT
PROCESSOR_IDENTIFIER=Intel64 Family 6 Model 142 Stepping 11, GenuineIntel



---------------  S Y S T E M  ---------------

OS:
 Windows 10 , 64 bit Build 19041 (10.0.19041.1566)
OS uptime: 1 days 3:33 hours
Hyper-V role detected

CPU: total 8 (initial active 8) (4 cores per cpu, 2 threads per core) family 6 model 142 stepping 11 microcode 0xae, cx8, cmov, fxsr, ht, mmx, 3dnowpref, sse, sse2, sse3, ssse3, sse4.1, sse4.2, popcnt, lzcnt, tsc, tscinvbit, avx, avx2, aes, erms, clmul, bmi1, bmi2, adx, fma, vzeroupper, clflush, clflushopt, hv

Memory: 4k page, system-wide physical 8042M (773M free)
TotalPageFile size 8042M (AvailPageFile size 6M)
current process WorkingSet (physical memory assigned to process): 236M, peak: 293M
current process commit charge ("private bytes"): 344M, peak: 346M

vm_info: OpenJDK 64-Bit Server VM (17.0.1+12) for windows-amd64 JRE (17.0.1+12), built on Oct 20 2021 07:42:55 by "" with MS VC++ 16.7 (VS2019)

END.
